[2024-07-25T00:00:28.028+0000] {processor.py:161} INFO - Started process (PID=286) to work on /opt/airflow/dags/kafka_stream.py
[2024-07-25T00:00:28.029+0000] {processor.py:830} INFO - Processing file /opt/airflow/dags/kafka_stream.py for tasks to queue
[2024-07-25T00:00:28.031+0000] {logging_mixin.py:188} INFO - [2024-07-25T00:00:28.030+0000] {dagbag.py:545} INFO - Filling up the DagBag from /opt/airflow/dags/kafka_stream.py
[2024-07-25T00:00:28.043+0000] {processor.py:840} INFO - DAG(s) 'user_automation' retrieved from /opt/airflow/dags/kafka_stream.py
[2024-07-25T00:00:28.076+0000] {logging_mixin.py:188} INFO - [2024-07-25T00:00:28.076+0000] {dag.py:3089} INFO - Sync 1 DAGs
[2024-07-25T00:00:28.100+0000] {logging_mixin.py:188} INFO - [2024-07-25T00:00:28.100+0000] {dag.py:3947} INFO - Setting next_dagrun for user_automation to 2024-07-25 00:00:00+00:00, run_after=2024-07-26 00:00:00+00:00
[2024-07-25T00:00:28.132+0000] {processor.py:183} INFO - Processing /opt/airflow/dags/kafka_stream.py took 0.109 seconds
[2024-07-25T00:00:58.268+0000] {processor.py:161} INFO - Started process (PID=297) to work on /opt/airflow/dags/kafka_stream.py
[2024-07-25T00:00:58.270+0000] {processor.py:830} INFO - Processing file /opt/airflow/dags/kafka_stream.py for tasks to queue
[2024-07-25T00:00:58.271+0000] {logging_mixin.py:188} INFO - [2024-07-25T00:00:58.271+0000] {dagbag.py:545} INFO - Filling up the DagBag from /opt/airflow/dags/kafka_stream.py
[2024-07-25T00:00:58.283+0000] {processor.py:840} INFO - DAG(s) 'user_automation' retrieved from /opt/airflow/dags/kafka_stream.py
[2024-07-25T00:00:58.313+0000] {logging_mixin.py:188} INFO - [2024-07-25T00:00:58.313+0000] {dag.py:3089} INFO - Sync 1 DAGs
[2024-07-25T00:00:58.340+0000] {logging_mixin.py:188} INFO - [2024-07-25T00:00:58.339+0000] {dag.py:3947} INFO - Setting next_dagrun for user_automation to 2024-07-25 00:00:00+00:00, run_after=2024-07-26 00:00:00+00:00
[2024-07-25T00:00:58.370+0000] {processor.py:183} INFO - Processing /opt/airflow/dags/kafka_stream.py took 0.107 seconds
[2024-07-25T00:01:28.448+0000] {processor.py:161} INFO - Started process (PID=308) to work on /opt/airflow/dags/kafka_stream.py
[2024-07-25T00:01:28.451+0000] {processor.py:830} INFO - Processing file /opt/airflow/dags/kafka_stream.py for tasks to queue
[2024-07-25T00:01:28.453+0000] {logging_mixin.py:188} INFO - [2024-07-25T00:01:28.453+0000] {dagbag.py:545} INFO - Filling up the DagBag from /opt/airflow/dags/kafka_stream.py
[2024-07-25T00:01:28.463+0000] {processor.py:840} INFO - DAG(s) 'user_automation' retrieved from /opt/airflow/dags/kafka_stream.py
[2024-07-25T00:01:28.495+0000] {logging_mixin.py:188} INFO - [2024-07-25T00:01:28.494+0000] {dag.py:3089} INFO - Sync 1 DAGs
[2024-07-25T00:01:28.521+0000] {logging_mixin.py:188} INFO - [2024-07-25T00:01:28.521+0000] {dag.py:3947} INFO - Setting next_dagrun for user_automation to 2024-07-25 00:00:00+00:00, run_after=2024-07-26 00:00:00+00:00
[2024-07-25T00:01:28.550+0000] {processor.py:183} INFO - Processing /opt/airflow/dags/kafka_stream.py took 0.108 seconds
[2024-07-25T00:01:58.687+0000] {processor.py:161} INFO - Started process (PID=319) to work on /opt/airflow/dags/kafka_stream.py
[2024-07-25T00:01:58.690+0000] {processor.py:830} INFO - Processing file /opt/airflow/dags/kafka_stream.py for tasks to queue
[2024-07-25T00:01:58.693+0000] {logging_mixin.py:188} INFO - [2024-07-25T00:01:58.692+0000] {dagbag.py:545} INFO - Filling up the DagBag from /opt/airflow/dags/kafka_stream.py
[2024-07-25T00:01:58.706+0000] {processor.py:840} INFO - DAG(s) 'user_automation' retrieved from /opt/airflow/dags/kafka_stream.py
[2024-07-25T00:01:58.738+0000] {logging_mixin.py:188} INFO - [2024-07-25T00:01:58.738+0000] {dag.py:3089} INFO - Sync 1 DAGs
[2024-07-25T00:01:58.767+0000] {logging_mixin.py:188} INFO - [2024-07-25T00:01:58.766+0000] {dag.py:3947} INFO - Setting next_dagrun for user_automation to 2024-07-25 00:00:00+00:00, run_after=2024-07-26 00:00:00+00:00
[2024-07-25T00:01:58.798+0000] {processor.py:183} INFO - Processing /opt/airflow/dags/kafka_stream.py took 0.117 seconds
[2024-07-25T00:02:28.888+0000] {processor.py:161} INFO - Started process (PID=330) to work on /opt/airflow/dags/kafka_stream.py
[2024-07-25T00:02:28.891+0000] {processor.py:830} INFO - Processing file /opt/airflow/dags/kafka_stream.py for tasks to queue
[2024-07-25T00:02:28.893+0000] {logging_mixin.py:188} INFO - [2024-07-25T00:02:28.893+0000] {dagbag.py:545} INFO - Filling up the DagBag from /opt/airflow/dags/kafka_stream.py
[2024-07-25T00:02:28.904+0000] {processor.py:840} INFO - DAG(s) 'user_automation' retrieved from /opt/airflow/dags/kafka_stream.py
[2024-07-25T00:02:28.935+0000] {logging_mixin.py:188} INFO - [2024-07-25T00:02:28.935+0000] {dag.py:3089} INFO - Sync 1 DAGs
[2024-07-25T00:02:28.962+0000] {logging_mixin.py:188} INFO - [2024-07-25T00:02:28.962+0000] {dag.py:3947} INFO - Setting next_dagrun for user_automation to 2024-07-25 00:00:00+00:00, run_after=2024-07-26 00:00:00+00:00
[2024-07-25T00:02:28.989+0000] {processor.py:183} INFO - Processing /opt/airflow/dags/kafka_stream.py took 0.107 seconds
[2024-07-25T00:02:59.107+0000] {processor.py:161} INFO - Started process (PID=341) to work on /opt/airflow/dags/kafka_stream.py
[2024-07-25T00:02:59.109+0000] {processor.py:830} INFO - Processing file /opt/airflow/dags/kafka_stream.py for tasks to queue
[2024-07-25T00:02:59.111+0000] {logging_mixin.py:188} INFO - [2024-07-25T00:02:59.110+0000] {dagbag.py:545} INFO - Filling up the DagBag from /opt/airflow/dags/kafka_stream.py
[2024-07-25T00:02:59.121+0000] {processor.py:840} INFO - DAG(s) 'user_automation' retrieved from /opt/airflow/dags/kafka_stream.py
[2024-07-25T00:02:59.152+0000] {logging_mixin.py:188} INFO - [2024-07-25T00:02:59.151+0000] {dag.py:3089} INFO - Sync 1 DAGs
[2024-07-25T00:02:59.179+0000] {logging_mixin.py:188} INFO - [2024-07-25T00:02:59.179+0000] {dag.py:3947} INFO - Setting next_dagrun for user_automation to 2024-07-25 00:00:00+00:00, run_after=2024-07-26 00:00:00+00:00
[2024-07-25T00:02:59.211+0000] {processor.py:183} INFO - Processing /opt/airflow/dags/kafka_stream.py took 0.109 seconds
[2024-07-25T00:03:29.318+0000] {processor.py:161} INFO - Started process (PID=353) to work on /opt/airflow/dags/kafka_stream.py
[2024-07-25T00:03:29.321+0000] {processor.py:830} INFO - Processing file /opt/airflow/dags/kafka_stream.py for tasks to queue
[2024-07-25T00:03:29.324+0000] {logging_mixin.py:188} INFO - [2024-07-25T00:03:29.324+0000] {dagbag.py:545} INFO - Filling up the DagBag from /opt/airflow/dags/kafka_stream.py
[2024-07-25T00:03:29.336+0000] {processor.py:840} INFO - DAG(s) 'user_automation' retrieved from /opt/airflow/dags/kafka_stream.py
[2024-07-25T00:03:29.370+0000] {logging_mixin.py:188} INFO - [2024-07-25T00:03:29.370+0000] {dag.py:3089} INFO - Sync 1 DAGs
[2024-07-25T00:03:29.396+0000] {logging_mixin.py:188} INFO - [2024-07-25T00:03:29.395+0000] {dag.py:3947} INFO - Setting next_dagrun for user_automation to 2024-07-25 00:00:00+00:00, run_after=2024-07-26 00:00:00+00:00
[2024-07-25T00:03:29.426+0000] {processor.py:183} INFO - Processing /opt/airflow/dags/kafka_stream.py took 0.115 seconds
[2024-07-25T00:03:59.528+0000] {processor.py:161} INFO - Started process (PID=364) to work on /opt/airflow/dags/kafka_stream.py
[2024-07-25T00:03:59.532+0000] {processor.py:830} INFO - Processing file /opt/airflow/dags/kafka_stream.py for tasks to queue
[2024-07-25T00:03:59.533+0000] {logging_mixin.py:188} INFO - [2024-07-25T00:03:59.533+0000] {dagbag.py:545} INFO - Filling up the DagBag from /opt/airflow/dags/kafka_stream.py
[2024-07-25T00:03:59.542+0000] {processor.py:840} INFO - DAG(s) 'user_automation' retrieved from /opt/airflow/dags/kafka_stream.py
[2024-07-25T00:03:59.572+0000] {logging_mixin.py:188} INFO - [2024-07-25T00:03:59.571+0000] {dag.py:3089} INFO - Sync 1 DAGs
[2024-07-25T00:03:59.597+0000] {logging_mixin.py:188} INFO - [2024-07-25T00:03:59.597+0000] {dag.py:3947} INFO - Setting next_dagrun for user_automation to 2024-07-25 00:00:00+00:00, run_after=2024-07-26 00:00:00+00:00
[2024-07-25T00:03:59.628+0000] {processor.py:183} INFO - Processing /opt/airflow/dags/kafka_stream.py took 0.106 seconds
[2024-07-25T00:04:29.748+0000] {processor.py:161} INFO - Started process (PID=375) to work on /opt/airflow/dags/kafka_stream.py
[2024-07-25T00:04:29.751+0000] {processor.py:830} INFO - Processing file /opt/airflow/dags/kafka_stream.py for tasks to queue
[2024-07-25T00:04:29.753+0000] {logging_mixin.py:188} INFO - [2024-07-25T00:04:29.753+0000] {dagbag.py:545} INFO - Filling up the DagBag from /opt/airflow/dags/kafka_stream.py
[2024-07-25T00:04:29.763+0000] {processor.py:840} INFO - DAG(s) 'user_automation' retrieved from /opt/airflow/dags/kafka_stream.py
[2024-07-25T00:04:29.794+0000] {logging_mixin.py:188} INFO - [2024-07-25T00:04:29.794+0000] {dag.py:3089} INFO - Sync 1 DAGs
[2024-07-25T00:04:29.818+0000] {logging_mixin.py:188} INFO - [2024-07-25T00:04:29.818+0000] {dag.py:3947} INFO - Setting next_dagrun for user_automation to 2024-07-25 00:00:00+00:00, run_after=2024-07-26 00:00:00+00:00
[2024-07-25T00:04:29.848+0000] {processor.py:183} INFO - Processing /opt/airflow/dags/kafka_stream.py took 0.106 seconds
[2024-07-25T00:04:59.942+0000] {processor.py:161} INFO - Started process (PID=386) to work on /opt/airflow/dags/kafka_stream.py
[2024-07-25T00:04:59.944+0000] {processor.py:830} INFO - Processing file /opt/airflow/dags/kafka_stream.py for tasks to queue
[2024-07-25T00:04:59.946+0000] {logging_mixin.py:188} INFO - [2024-07-25T00:04:59.946+0000] {dagbag.py:545} INFO - Filling up the DagBag from /opt/airflow/dags/kafka_stream.py
[2024-07-25T00:04:59.957+0000] {processor.py:840} INFO - DAG(s) 'user_automation' retrieved from /opt/airflow/dags/kafka_stream.py
[2024-07-25T00:04:59.988+0000] {logging_mixin.py:188} INFO - [2024-07-25T00:04:59.987+0000] {dag.py:3089} INFO - Sync 1 DAGs
[2024-07-25T00:05:00.012+0000] {logging_mixin.py:188} INFO - [2024-07-25T00:05:00.012+0000] {dag.py:3947} INFO - Setting next_dagrun for user_automation to 2024-07-25 00:00:00+00:00, run_after=2024-07-26 00:00:00+00:00
[2024-07-25T00:05:00.043+0000] {processor.py:183} INFO - Processing /opt/airflow/dags/kafka_stream.py took 0.106 seconds
[2024-07-25T00:05:30.177+0000] {processor.py:161} INFO - Started process (PID=397) to work on /opt/airflow/dags/kafka_stream.py
[2024-07-25T00:05:30.179+0000] {processor.py:830} INFO - Processing file /opt/airflow/dags/kafka_stream.py for tasks to queue
[2024-07-25T00:05:30.181+0000] {logging_mixin.py:188} INFO - [2024-07-25T00:05:30.181+0000] {dagbag.py:545} INFO - Filling up the DagBag from /opt/airflow/dags/kafka_stream.py
[2024-07-25T00:05:30.191+0000] {processor.py:840} INFO - DAG(s) 'user_automation' retrieved from /opt/airflow/dags/kafka_stream.py
[2024-07-25T00:05:30.225+0000] {logging_mixin.py:188} INFO - [2024-07-25T00:05:30.224+0000] {dag.py:3089} INFO - Sync 1 DAGs
[2024-07-25T00:05:30.254+0000] {logging_mixin.py:188} INFO - [2024-07-25T00:05:30.253+0000] {dag.py:3947} INFO - Setting next_dagrun for user_automation to 2024-07-25 00:00:00+00:00, run_after=2024-07-26 00:00:00+00:00
[2024-07-25T00:05:30.284+0000] {processor.py:183} INFO - Processing /opt/airflow/dags/kafka_stream.py took 0.111 seconds
[2024-07-25T00:06:00.360+0000] {processor.py:161} INFO - Started process (PID=408) to work on /opt/airflow/dags/kafka_stream.py
[2024-07-25T00:06:00.361+0000] {processor.py:830} INFO - Processing file /opt/airflow/dags/kafka_stream.py for tasks to queue
[2024-07-25T00:06:00.363+0000] {logging_mixin.py:188} INFO - [2024-07-25T00:06:00.363+0000] {dagbag.py:545} INFO - Filling up the DagBag from /opt/airflow/dags/kafka_stream.py
[2024-07-25T00:06:00.374+0000] {processor.py:840} INFO - DAG(s) 'user_automation' retrieved from /opt/airflow/dags/kafka_stream.py
[2024-07-25T00:06:00.405+0000] {logging_mixin.py:188} INFO - [2024-07-25T00:06:00.404+0000] {dag.py:3089} INFO - Sync 1 DAGs
[2024-07-25T00:06:00.430+0000] {logging_mixin.py:188} INFO - [2024-07-25T00:06:00.429+0000] {dag.py:3947} INFO - Setting next_dagrun for user_automation to 2024-07-25 00:00:00+00:00, run_after=2024-07-26 00:00:00+00:00
[2024-07-25T00:06:00.457+0000] {processor.py:183} INFO - Processing /opt/airflow/dags/kafka_stream.py took 0.103 seconds
[2024-07-25T00:06:30.609+0000] {processor.py:161} INFO - Started process (PID=419) to work on /opt/airflow/dags/kafka_stream.py
[2024-07-25T00:06:30.612+0000] {processor.py:830} INFO - Processing file /opt/airflow/dags/kafka_stream.py for tasks to queue
[2024-07-25T00:06:30.614+0000] {logging_mixin.py:188} INFO - [2024-07-25T00:06:30.614+0000] {dagbag.py:545} INFO - Filling up the DagBag from /opt/airflow/dags/kafka_stream.py
[2024-07-25T00:06:30.624+0000] {processor.py:840} INFO - DAG(s) 'user_automation' retrieved from /opt/airflow/dags/kafka_stream.py
[2024-07-25T00:06:30.656+0000] {logging_mixin.py:188} INFO - [2024-07-25T00:06:30.655+0000] {dag.py:3089} INFO - Sync 1 DAGs
[2024-07-25T00:06:30.683+0000] {logging_mixin.py:188} INFO - [2024-07-25T00:06:30.682+0000] {dag.py:3947} INFO - Setting next_dagrun for user_automation to 2024-07-25 00:00:00+00:00, run_after=2024-07-26 00:00:00+00:00
[2024-07-25T00:06:30.712+0000] {processor.py:183} INFO - Processing /opt/airflow/dags/kafka_stream.py took 0.109 seconds
[2024-07-25T00:07:00.768+0000] {processor.py:161} INFO - Started process (PID=436) to work on /opt/airflow/dags/kafka_stream.py
[2024-07-25T00:07:00.772+0000] {processor.py:830} INFO - Processing file /opt/airflow/dags/kafka_stream.py for tasks to queue
[2024-07-25T00:07:00.774+0000] {logging_mixin.py:188} INFO - [2024-07-25T00:07:00.773+0000] {dagbag.py:545} INFO - Filling up the DagBag from /opt/airflow/dags/kafka_stream.py
[2024-07-25T00:07:00.783+0000] {processor.py:840} INFO - DAG(s) 'user_automation' retrieved from /opt/airflow/dags/kafka_stream.py
[2024-07-25T00:07:00.813+0000] {logging_mixin.py:188} INFO - [2024-07-25T00:07:00.813+0000] {dag.py:3089} INFO - Sync 1 DAGs
[2024-07-25T00:07:00.838+0000] {logging_mixin.py:188} INFO - [2024-07-25T00:07:00.838+0000] {dag.py:3947} INFO - Setting next_dagrun for user_automation to 2024-07-25 00:00:00+00:00, run_after=2024-07-26 00:00:00+00:00
[2024-07-25T00:07:00.867+0000] {processor.py:183} INFO - Processing /opt/airflow/dags/kafka_stream.py took 0.105 seconds
[2024-07-25T00:07:31.049+0000] {processor.py:161} INFO - Started process (PID=447) to work on /opt/airflow/dags/kafka_stream.py
[2024-07-25T00:07:31.050+0000] {processor.py:830} INFO - Processing file /opt/airflow/dags/kafka_stream.py for tasks to queue
[2024-07-25T00:07:31.053+0000] {logging_mixin.py:188} INFO - [2024-07-25T00:07:31.052+0000] {dagbag.py:545} INFO - Filling up the DagBag from /opt/airflow/dags/kafka_stream.py
[2024-07-25T00:07:31.065+0000] {processor.py:840} INFO - DAG(s) 'user_automation' retrieved from /opt/airflow/dags/kafka_stream.py
[2024-07-25T00:07:31.097+0000] {logging_mixin.py:188} INFO - [2024-07-25T00:07:31.096+0000] {dag.py:3089} INFO - Sync 1 DAGs
[2024-07-25T00:07:31.125+0000] {logging_mixin.py:188} INFO - [2024-07-25T00:07:31.125+0000] {dag.py:3947} INFO - Setting next_dagrun for user_automation to 2024-07-25 00:00:00+00:00, run_after=2024-07-26 00:00:00+00:00
[2024-07-25T00:07:31.155+0000] {processor.py:183} INFO - Processing /opt/airflow/dags/kafka_stream.py took 0.112 seconds
[2024-07-25T00:08:01.213+0000] {processor.py:161} INFO - Started process (PID=458) to work on /opt/airflow/dags/kafka_stream.py
[2024-07-25T00:08:01.215+0000] {processor.py:830} INFO - Processing file /opt/airflow/dags/kafka_stream.py for tasks to queue
[2024-07-25T00:08:01.217+0000] {logging_mixin.py:188} INFO - [2024-07-25T00:08:01.217+0000] {dagbag.py:545} INFO - Filling up the DagBag from /opt/airflow/dags/kafka_stream.py
[2024-07-25T00:08:01.228+0000] {processor.py:840} INFO - DAG(s) 'user_automation' retrieved from /opt/airflow/dags/kafka_stream.py
[2024-07-25T00:08:01.260+0000] {logging_mixin.py:188} INFO - [2024-07-25T00:08:01.260+0000] {dag.py:3089} INFO - Sync 1 DAGs
[2024-07-25T00:08:01.287+0000] {logging_mixin.py:188} INFO - [2024-07-25T00:08:01.287+0000] {dag.py:3947} INFO - Setting next_dagrun for user_automation to 2024-07-25 00:00:00+00:00, run_after=2024-07-26 00:00:00+00:00
[2024-07-25T00:08:01.317+0000] {processor.py:183} INFO - Processing /opt/airflow/dags/kafka_stream.py took 0.109 seconds
[2024-07-25T00:08:31.480+0000] {processor.py:161} INFO - Started process (PID=469) to work on /opt/airflow/dags/kafka_stream.py
[2024-07-25T00:08:31.481+0000] {processor.py:830} INFO - Processing file /opt/airflow/dags/kafka_stream.py for tasks to queue
[2024-07-25T00:08:31.482+0000] {logging_mixin.py:188} INFO - [2024-07-25T00:08:31.482+0000] {dagbag.py:545} INFO - Filling up the DagBag from /opt/airflow/dags/kafka_stream.py
[2024-07-25T00:08:31.493+0000] {processor.py:840} INFO - DAG(s) 'user_automation' retrieved from /opt/airflow/dags/kafka_stream.py
[2024-07-25T00:08:31.522+0000] {logging_mixin.py:188} INFO - [2024-07-25T00:08:31.522+0000] {dag.py:3089} INFO - Sync 1 DAGs
[2024-07-25T00:08:31.547+0000] {logging_mixin.py:188} INFO - [2024-07-25T00:08:31.547+0000] {dag.py:3947} INFO - Setting next_dagrun for user_automation to 2024-07-25 00:00:00+00:00, run_after=2024-07-26 00:00:00+00:00
[2024-07-25T00:08:31.580+0000] {processor.py:183} INFO - Processing /opt/airflow/dags/kafka_stream.py took 0.105 seconds
[2024-07-25T00:09:01.644+0000] {processor.py:161} INFO - Started process (PID=483) to work on /opt/airflow/dags/kafka_stream.py
[2024-07-25T00:09:01.645+0000] {processor.py:830} INFO - Processing file /opt/airflow/dags/kafka_stream.py for tasks to queue
[2024-07-25T00:09:01.647+0000] {logging_mixin.py:188} INFO - [2024-07-25T00:09:01.647+0000] {dagbag.py:545} INFO - Filling up the DagBag from /opt/airflow/dags/kafka_stream.py
[2024-07-25T00:09:01.661+0000] {processor.py:840} INFO - DAG(s) 'user_automation' retrieved from /opt/airflow/dags/kafka_stream.py
[2024-07-25T00:09:01.696+0000] {logging_mixin.py:188} INFO - [2024-07-25T00:09:01.696+0000] {dag.py:3089} INFO - Sync 1 DAGs
[2024-07-25T00:09:01.764+0000] {logging_mixin.py:188} INFO - [2024-07-25T00:09:01.764+0000] {dag.py:3947} INFO - Setting next_dagrun for user_automation to 2024-07-25 00:00:00+00:00, run_after=2024-07-26 00:00:00+00:00
[2024-07-25T00:09:01.820+0000] {processor.py:183} INFO - Processing /opt/airflow/dags/kafka_stream.py took 0.181 seconds
[2024-07-25T00:09:31.910+0000] {processor.py:161} INFO - Started process (PID=494) to work on /opt/airflow/dags/kafka_stream.py
[2024-07-25T00:09:31.913+0000] {processor.py:830} INFO - Processing file /opt/airflow/dags/kafka_stream.py for tasks to queue
[2024-07-25T00:09:31.919+0000] {logging_mixin.py:188} INFO - [2024-07-25T00:09:31.917+0000] {dagbag.py:545} INFO - Filling up the DagBag from /opt/airflow/dags/kafka_stream.py
[2024-07-25T00:09:32.034+0000] {processor.py:840} INFO - DAG(s) 'user_automation' retrieved from /opt/airflow/dags/kafka_stream.py
[2024-07-25T00:09:32.112+0000] {logging_mixin.py:188} INFO - [2024-07-25T00:09:32.112+0000] {dag.py:3089} INFO - Sync 1 DAGs
[2024-07-25T00:09:32.218+0000] {logging_mixin.py:188} INFO - [2024-07-25T00:09:32.218+0000] {dag.py:3947} INFO - Setting next_dagrun for user_automation to 2024-07-25 00:00:00+00:00, run_after=2024-07-26 00:00:00+00:00
[2024-07-25T00:09:32.257+0000] {processor.py:183} INFO - Processing /opt/airflow/dags/kafka_stream.py took 0.364 seconds
[2024-07-25T00:10:02.431+0000] {processor.py:161} INFO - Started process (PID=505) to work on /opt/airflow/dags/kafka_stream.py
[2024-07-25T00:10:02.432+0000] {processor.py:830} INFO - Processing file /opt/airflow/dags/kafka_stream.py for tasks to queue
[2024-07-25T00:10:02.434+0000] {logging_mixin.py:188} INFO - [2024-07-25T00:10:02.434+0000] {dagbag.py:545} INFO - Filling up the DagBag from /opt/airflow/dags/kafka_stream.py
[2024-07-25T00:10:02.462+0000] {processor.py:840} INFO - DAG(s) 'user_automation' retrieved from /opt/airflow/dags/kafka_stream.py
[2024-07-25T00:10:02.715+0000] {logging_mixin.py:188} INFO - [2024-07-25T00:10:02.715+0000] {dag.py:3089} INFO - Sync 1 DAGs
[2024-07-25T00:10:02.753+0000] {logging_mixin.py:188} INFO - [2024-07-25T00:10:02.753+0000] {dag.py:3947} INFO - Setting next_dagrun for user_automation to 2024-07-25 00:00:00+00:00, run_after=2024-07-26 00:00:00+00:00
[2024-07-25T00:10:02.805+0000] {processor.py:183} INFO - Processing /opt/airflow/dags/kafka_stream.py took 0.380 seconds
[2024-07-25T00:24:57.279+0000] {processor.py:161} INFO - Started process (PID=216) to work on /opt/airflow/dags/kafka_stream.py
[2024-07-25T00:24:57.281+0000] {processor.py:830} INFO - Processing file /opt/airflow/dags/kafka_stream.py for tasks to queue
[2024-07-25T00:24:57.284+0000] {logging_mixin.py:188} INFO - [2024-07-25T00:24:57.283+0000] {dagbag.py:545} INFO - Filling up the DagBag from /opt/airflow/dags/kafka_stream.py
[2024-07-25T00:24:57.322+0000] {processor.py:840} INFO - DAG(s) 'user_automation' retrieved from /opt/airflow/dags/kafka_stream.py
[2024-07-25T00:24:57.731+0000] {logging_mixin.py:188} INFO - [2024-07-25T00:24:57.731+0000] {dag.py:3089} INFO - Sync 1 DAGs
[2024-07-25T00:24:57.757+0000] {logging_mixin.py:188} INFO - [2024-07-25T00:24:57.757+0000] {dag.py:3947} INFO - Setting next_dagrun for user_automation to 2024-07-25 00:00:00+00:00, run_after=2024-07-26 00:00:00+00:00
[2024-07-25T00:24:57.792+0000] {processor.py:183} INFO - Processing /opt/airflow/dags/kafka_stream.py took 0.523 seconds
[2024-07-25T00:25:27.977+0000] {processor.py:161} INFO - Started process (PID=228) to work on /opt/airflow/dags/kafka_stream.py
[2024-07-25T00:25:27.979+0000] {processor.py:830} INFO - Processing file /opt/airflow/dags/kafka_stream.py for tasks to queue
[2024-07-25T00:25:27.983+0000] {logging_mixin.py:188} INFO - [2024-07-25T00:25:27.982+0000] {dagbag.py:545} INFO - Filling up the DagBag from /opt/airflow/dags/kafka_stream.py
[2024-07-25T00:25:27.998+0000] {processor.py:840} INFO - DAG(s) 'user_automation' retrieved from /opt/airflow/dags/kafka_stream.py
[2024-07-25T00:25:28.016+0000] {logging_mixin.py:188} INFO - [2024-07-25T00:25:28.016+0000] {dag.py:3089} INFO - Sync 1 DAGs
[2024-07-25T00:25:28.047+0000] {logging_mixin.py:188} INFO - [2024-07-25T00:25:28.047+0000] {dag.py:3947} INFO - Setting next_dagrun for user_automation to 2024-07-25 00:00:00+00:00, run_after=2024-07-26 00:00:00+00:00
[2024-07-25T00:25:28.082+0000] {processor.py:183} INFO - Processing /opt/airflow/dags/kafka_stream.py took 0.115 seconds
[2024-07-25T00:25:58.126+0000] {processor.py:161} INFO - Started process (PID=239) to work on /opt/airflow/dags/kafka_stream.py
[2024-07-25T00:25:58.129+0000] {processor.py:830} INFO - Processing file /opt/airflow/dags/kafka_stream.py for tasks to queue
[2024-07-25T00:25:58.131+0000] {logging_mixin.py:188} INFO - [2024-07-25T00:25:58.131+0000] {dagbag.py:545} INFO - Filling up the DagBag from /opt/airflow/dags/kafka_stream.py
[2024-07-25T00:25:58.146+0000] {processor.py:840} INFO - DAG(s) 'user_automation' retrieved from /opt/airflow/dags/kafka_stream.py
[2024-07-25T00:25:58.289+0000] {logging_mixin.py:188} INFO - [2024-07-25T00:25:58.289+0000] {dag.py:3089} INFO - Sync 1 DAGs
[2024-07-25T00:25:58.314+0000] {logging_mixin.py:188} INFO - [2024-07-25T00:25:58.314+0000] {dag.py:3947} INFO - Setting next_dagrun for user_automation to 2024-07-25 00:00:00+00:00, run_after=2024-07-26 00:00:00+00:00
[2024-07-25T00:25:58.356+0000] {processor.py:183} INFO - Processing /opt/airflow/dags/kafka_stream.py took 0.235 seconds
[2024-07-25T00:26:28.407+0000] {processor.py:161} INFO - Started process (PID=250) to work on /opt/airflow/dags/kafka_stream.py
[2024-07-25T00:26:28.409+0000] {processor.py:830} INFO - Processing file /opt/airflow/dags/kafka_stream.py for tasks to queue
[2024-07-25T00:26:28.411+0000] {logging_mixin.py:188} INFO - [2024-07-25T00:26:28.411+0000] {dagbag.py:545} INFO - Filling up the DagBag from /opt/airflow/dags/kafka_stream.py
[2024-07-25T00:26:28.426+0000] {processor.py:840} INFO - DAG(s) 'user_automation' retrieved from /opt/airflow/dags/kafka_stream.py
[2024-07-25T00:26:28.459+0000] {logging_mixin.py:188} INFO - [2024-07-25T00:26:28.459+0000] {dag.py:3089} INFO - Sync 1 DAGs
[2024-07-25T00:26:28.494+0000] {logging_mixin.py:188} INFO - [2024-07-25T00:26:28.494+0000] {dag.py:3947} INFO - Setting next_dagrun for user_automation to 2024-07-25 00:00:00+00:00, run_after=2024-07-26 00:00:00+00:00
[2024-07-25T00:26:28.527+0000] {processor.py:183} INFO - Processing /opt/airflow/dags/kafka_stream.py took 0.126 seconds
[2024-07-25T00:26:58.689+0000] {processor.py:161} INFO - Started process (PID=261) to work on /opt/airflow/dags/kafka_stream.py
[2024-07-25T00:26:58.691+0000] {processor.py:830} INFO - Processing file /opt/airflow/dags/kafka_stream.py for tasks to queue
[2024-07-25T00:26:58.694+0000] {logging_mixin.py:188} INFO - [2024-07-25T00:26:58.693+0000] {dagbag.py:545} INFO - Filling up the DagBag from /opt/airflow/dags/kafka_stream.py
[2024-07-25T00:26:58.720+0000] {processor.py:840} INFO - DAG(s) 'user_automation' retrieved from /opt/airflow/dags/kafka_stream.py
[2024-07-25T00:26:58.773+0000] {logging_mixin.py:188} INFO - [2024-07-25T00:26:58.772+0000] {dag.py:3089} INFO - Sync 1 DAGs
[2024-07-25T00:26:58.807+0000] {logging_mixin.py:188} INFO - [2024-07-25T00:26:58.806+0000] {dag.py:3947} INFO - Setting next_dagrun for user_automation to 2024-07-25 00:00:00+00:00, run_after=2024-07-26 00:00:00+00:00
[2024-07-25T00:26:58.840+0000] {processor.py:183} INFO - Processing /opt/airflow/dags/kafka_stream.py took 0.161 seconds
[2024-07-25T00:27:29.005+0000] {processor.py:161} INFO - Started process (PID=272) to work on /opt/airflow/dags/kafka_stream.py
[2024-07-25T00:27:29.007+0000] {processor.py:830} INFO - Processing file /opt/airflow/dags/kafka_stream.py for tasks to queue
[2024-07-25T00:27:29.009+0000] {logging_mixin.py:188} INFO - [2024-07-25T00:27:29.009+0000] {dagbag.py:545} INFO - Filling up the DagBag from /opt/airflow/dags/kafka_stream.py
[2024-07-25T00:27:29.024+0000] {processor.py:840} INFO - DAG(s) 'user_automation' retrieved from /opt/airflow/dags/kafka_stream.py
[2024-07-25T00:27:29.059+0000] {logging_mixin.py:188} INFO - [2024-07-25T00:27:29.059+0000] {dag.py:3089} INFO - Sync 1 DAGs
[2024-07-25T00:27:29.087+0000] {logging_mixin.py:188} INFO - [2024-07-25T00:27:29.087+0000] {dag.py:3947} INFO - Setting next_dagrun for user_automation to 2024-07-25 00:00:00+00:00, run_after=2024-07-26 00:00:00+00:00
[2024-07-25T00:27:29.121+0000] {processor.py:183} INFO - Processing /opt/airflow/dags/kafka_stream.py took 0.124 seconds
[2024-07-25T00:27:59.170+0000] {processor.py:161} INFO - Started process (PID=284) to work on /opt/airflow/dags/kafka_stream.py
[2024-07-25T00:27:59.173+0000] {processor.py:830} INFO - Processing file /opt/airflow/dags/kafka_stream.py for tasks to queue
[2024-07-25T00:27:59.175+0000] {logging_mixin.py:188} INFO - [2024-07-25T00:27:59.174+0000] {dagbag.py:545} INFO - Filling up the DagBag from /opt/airflow/dags/kafka_stream.py
[2024-07-25T00:27:59.185+0000] {processor.py:840} INFO - DAG(s) 'user_automation' retrieved from /opt/airflow/dags/kafka_stream.py
[2024-07-25T00:27:59.216+0000] {logging_mixin.py:188} INFO - [2024-07-25T00:27:59.216+0000] {dag.py:3089} INFO - Sync 1 DAGs
[2024-07-25T00:27:59.241+0000] {logging_mixin.py:188} INFO - [2024-07-25T00:27:59.240+0000] {dag.py:3947} INFO - Setting next_dagrun for user_automation to 2024-07-25 00:00:00+00:00, run_after=2024-07-26 00:00:00+00:00
[2024-07-25T00:27:59.273+0000] {processor.py:183} INFO - Processing /opt/airflow/dags/kafka_stream.py took 0.109 seconds
[2024-07-25T00:28:29.452+0000] {processor.py:161} INFO - Started process (PID=295) to work on /opt/airflow/dags/kafka_stream.py
[2024-07-25T00:28:29.453+0000] {processor.py:830} INFO - Processing file /opt/airflow/dags/kafka_stream.py for tasks to queue
[2024-07-25T00:28:29.455+0000] {logging_mixin.py:188} INFO - [2024-07-25T00:28:29.454+0000] {dagbag.py:545} INFO - Filling up the DagBag from /opt/airflow/dags/kafka_stream.py
[2024-07-25T00:28:29.472+0000] {processor.py:840} INFO - DAG(s) 'user_automation' retrieved from /opt/airflow/dags/kafka_stream.py
[2024-07-25T00:28:29.514+0000] {logging_mixin.py:188} INFO - [2024-07-25T00:28:29.513+0000] {dag.py:3089} INFO - Sync 1 DAGs
[2024-07-25T00:28:29.548+0000] {logging_mixin.py:188} INFO - [2024-07-25T00:28:29.548+0000] {dag.py:3947} INFO - Setting next_dagrun for user_automation to 2024-07-25 00:00:00+00:00, run_after=2024-07-26 00:00:00+00:00
[2024-07-25T00:28:29.585+0000] {processor.py:183} INFO - Processing /opt/airflow/dags/kafka_stream.py took 0.140 seconds
[2024-07-25T00:28:59.736+0000] {processor.py:161} INFO - Started process (PID=306) to work on /opt/airflow/dags/kafka_stream.py
[2024-07-25T00:28:59.739+0000] {processor.py:830} INFO - Processing file /opt/airflow/dags/kafka_stream.py for tasks to queue
[2024-07-25T00:28:59.741+0000] {logging_mixin.py:188} INFO - [2024-07-25T00:28:59.741+0000] {dagbag.py:545} INFO - Filling up the DagBag from /opt/airflow/dags/kafka_stream.py
[2024-07-25T00:28:59.761+0000] {processor.py:840} INFO - DAG(s) 'user_automation' retrieved from /opt/airflow/dags/kafka_stream.py
[2024-07-25T00:28:59.797+0000] {logging_mixin.py:188} INFO - [2024-07-25T00:28:59.797+0000] {dag.py:3089} INFO - Sync 1 DAGs
[2024-07-25T00:28:59.825+0000] {logging_mixin.py:188} INFO - [2024-07-25T00:28:59.825+0000] {dag.py:3947} INFO - Setting next_dagrun for user_automation to 2024-07-25 00:00:00+00:00, run_after=2024-07-26 00:00:00+00:00
[2024-07-25T00:28:59.854+0000] {processor.py:183} INFO - Processing /opt/airflow/dags/kafka_stream.py took 0.125 seconds
[2024-07-25T00:29:30.008+0000] {processor.py:161} INFO - Started process (PID=317) to work on /opt/airflow/dags/kafka_stream.py
[2024-07-25T00:29:30.010+0000] {processor.py:830} INFO - Processing file /opt/airflow/dags/kafka_stream.py for tasks to queue
[2024-07-25T00:29:30.013+0000] {logging_mixin.py:188} INFO - [2024-07-25T00:29:30.012+0000] {dagbag.py:545} INFO - Filling up the DagBag from /opt/airflow/dags/kafka_stream.py
[2024-07-25T00:29:30.036+0000] {processor.py:840} INFO - DAG(s) 'user_automation' retrieved from /opt/airflow/dags/kafka_stream.py
[2024-07-25T00:29:30.088+0000] {logging_mixin.py:188} INFO - [2024-07-25T00:29:30.088+0000] {dag.py:3089} INFO - Sync 1 DAGs
[2024-07-25T00:29:30.164+0000] {logging_mixin.py:188} INFO - [2024-07-25T00:29:30.163+0000] {dag.py:3947} INFO - Setting next_dagrun for user_automation to 2024-07-25 00:00:00+00:00, run_after=2024-07-26 00:00:00+00:00
[2024-07-25T00:29:30.204+0000] {processor.py:183} INFO - Processing /opt/airflow/dags/kafka_stream.py took 0.203 seconds
[2024-07-25T00:30:00.400+0000] {processor.py:161} INFO - Started process (PID=328) to work on /opt/airflow/dags/kafka_stream.py
[2024-07-25T00:30:00.404+0000] {processor.py:830} INFO - Processing file /opt/airflow/dags/kafka_stream.py for tasks to queue
[2024-07-25T00:30:00.406+0000] {logging_mixin.py:188} INFO - [2024-07-25T00:30:00.406+0000] {dagbag.py:545} INFO - Filling up the DagBag from /opt/airflow/dags/kafka_stream.py
[2024-07-25T00:30:00.418+0000] {processor.py:840} INFO - DAG(s) 'user_automation' retrieved from /opt/airflow/dags/kafka_stream.py
[2024-07-25T00:30:00.450+0000] {logging_mixin.py:188} INFO - [2024-07-25T00:30:00.449+0000] {dag.py:3089} INFO - Sync 1 DAGs
[2024-07-25T00:30:00.513+0000] {logging_mixin.py:188} INFO - [2024-07-25T00:30:00.512+0000] {dag.py:3947} INFO - Setting next_dagrun for user_automation to 2024-07-25 00:00:00+00:00, run_after=2024-07-26 00:00:00+00:00
[2024-07-25T00:30:00.547+0000] {processor.py:183} INFO - Processing /opt/airflow/dags/kafka_stream.py took 0.154 seconds
[2024-07-25T00:30:30.714+0000] {processor.py:161} INFO - Started process (PID=339) to work on /opt/airflow/dags/kafka_stream.py
[2024-07-25T00:30:30.716+0000] {processor.py:830} INFO - Processing file /opt/airflow/dags/kafka_stream.py for tasks to queue
[2024-07-25T00:30:30.718+0000] {logging_mixin.py:188} INFO - [2024-07-25T00:30:30.718+0000] {dagbag.py:545} INFO - Filling up the DagBag from /opt/airflow/dags/kafka_stream.py
[2024-07-25T00:30:30.732+0000] {processor.py:840} INFO - DAG(s) 'user_automation' retrieved from /opt/airflow/dags/kafka_stream.py
[2024-07-25T00:30:30.769+0000] {logging_mixin.py:188} INFO - [2024-07-25T00:30:30.769+0000] {dag.py:3089} INFO - Sync 1 DAGs
[2024-07-25T00:30:30.800+0000] {logging_mixin.py:188} INFO - [2024-07-25T00:30:30.800+0000] {dag.py:3947} INFO - Setting next_dagrun for user_automation to 2024-07-25 00:00:00+00:00, run_after=2024-07-26 00:00:00+00:00
[2024-07-25T00:30:30.836+0000] {processor.py:183} INFO - Processing /opt/airflow/dags/kafka_stream.py took 0.129 seconds
[2024-07-25T00:31:00.873+0000] {processor.py:161} INFO - Started process (PID=350) to work on /opt/airflow/dags/kafka_stream.py
[2024-07-25T00:31:00.879+0000] {processor.py:830} INFO - Processing file /opt/airflow/dags/kafka_stream.py for tasks to queue
[2024-07-25T00:31:00.881+0000] {logging_mixin.py:188} INFO - [2024-07-25T00:31:00.881+0000] {dagbag.py:545} INFO - Filling up the DagBag from /opt/airflow/dags/kafka_stream.py
[2024-07-25T00:31:00.892+0000] {processor.py:840} INFO - DAG(s) 'user_automation' retrieved from /opt/airflow/dags/kafka_stream.py
[2024-07-25T00:31:00.923+0000] {logging_mixin.py:188} INFO - [2024-07-25T00:31:00.923+0000] {dag.py:3089} INFO - Sync 1 DAGs
[2024-07-25T00:31:00.951+0000] {logging_mixin.py:188} INFO - [2024-07-25T00:31:00.951+0000] {dag.py:3947} INFO - Setting next_dagrun for user_automation to 2024-07-25 00:00:00+00:00, run_after=2024-07-26 00:00:00+00:00
[2024-07-25T00:31:00.981+0000] {processor.py:183} INFO - Processing /opt/airflow/dags/kafka_stream.py took 0.114 seconds
[2024-07-25T00:31:31.161+0000] {processor.py:161} INFO - Started process (PID=367) to work on /opt/airflow/dags/kafka_stream.py
[2024-07-25T00:31:31.163+0000] {processor.py:830} INFO - Processing file /opt/airflow/dags/kafka_stream.py for tasks to queue
[2024-07-25T00:31:31.167+0000] {logging_mixin.py:188} INFO - [2024-07-25T00:31:31.166+0000] {dagbag.py:545} INFO - Filling up the DagBag from /opt/airflow/dags/kafka_stream.py
[2024-07-25T00:31:31.182+0000] {processor.py:840} INFO - DAG(s) 'user_automation' retrieved from /opt/airflow/dags/kafka_stream.py
[2024-07-25T00:31:31.214+0000] {logging_mixin.py:188} INFO - [2024-07-25T00:31:31.213+0000] {dag.py:3089} INFO - Sync 1 DAGs
[2024-07-25T00:31:31.241+0000] {logging_mixin.py:188} INFO - [2024-07-25T00:31:31.241+0000] {dag.py:3947} INFO - Setting next_dagrun for user_automation to 2024-07-25 00:00:00+00:00, run_after=2024-07-26 00:00:00+00:00
[2024-07-25T00:31:31.277+0000] {processor.py:183} INFO - Processing /opt/airflow/dags/kafka_stream.py took 0.125 seconds
[2024-07-25T00:32:01.334+0000] {processor.py:161} INFO - Started process (PID=378) to work on /opt/airflow/dags/kafka_stream.py
[2024-07-25T00:32:01.335+0000] {processor.py:830} INFO - Processing file /opt/airflow/dags/kafka_stream.py for tasks to queue
[2024-07-25T00:32:01.337+0000] {logging_mixin.py:188} INFO - [2024-07-25T00:32:01.337+0000] {dagbag.py:545} INFO - Filling up the DagBag from /opt/airflow/dags/kafka_stream.py
[2024-07-25T00:32:01.359+0000] {processor.py:840} INFO - DAG(s) 'user_automation' retrieved from /opt/airflow/dags/kafka_stream.py
[2024-07-25T00:32:01.399+0000] {logging_mixin.py:188} INFO - [2024-07-25T00:32:01.398+0000] {dag.py:3089} INFO - Sync 1 DAGs
[2024-07-25T00:32:01.435+0000] {logging_mixin.py:188} INFO - [2024-07-25T00:32:01.435+0000] {dag.py:3947} INFO - Setting next_dagrun for user_automation to 2024-07-25 00:00:00+00:00, run_after=2024-07-26 00:00:00+00:00
[2024-07-25T00:32:01.477+0000] {processor.py:183} INFO - Processing /opt/airflow/dags/kafka_stream.py took 0.151 seconds
[2024-07-25T00:32:31.597+0000] {processor.py:161} INFO - Started process (PID=389) to work on /opt/airflow/dags/kafka_stream.py
[2024-07-25T00:32:31.598+0000] {processor.py:830} INFO - Processing file /opt/airflow/dags/kafka_stream.py for tasks to queue
[2024-07-25T00:32:31.600+0000] {logging_mixin.py:188} INFO - [2024-07-25T00:32:31.600+0000] {dagbag.py:545} INFO - Filling up the DagBag from /opt/airflow/dags/kafka_stream.py
[2024-07-25T00:32:31.611+0000] {processor.py:840} INFO - DAG(s) 'user_automation' retrieved from /opt/airflow/dags/kafka_stream.py
[2024-07-25T00:32:31.645+0000] {logging_mixin.py:188} INFO - [2024-07-25T00:32:31.645+0000] {dag.py:3089} INFO - Sync 1 DAGs
[2024-07-25T00:32:31.672+0000] {logging_mixin.py:188} INFO - [2024-07-25T00:32:31.672+0000] {dag.py:3947} INFO - Setting next_dagrun for user_automation to 2024-07-25 00:00:00+00:00, run_after=2024-07-26 00:00:00+00:00
[2024-07-25T00:32:31.702+0000] {processor.py:183} INFO - Processing /opt/airflow/dags/kafka_stream.py took 0.111 seconds
[2024-07-25T00:33:01.805+0000] {processor.py:161} INFO - Started process (PID=400) to work on /opt/airflow/dags/kafka_stream.py
[2024-07-25T00:33:01.806+0000] {processor.py:830} INFO - Processing file /opt/airflow/dags/kafka_stream.py for tasks to queue
[2024-07-25T00:33:01.808+0000] {logging_mixin.py:188} INFO - [2024-07-25T00:33:01.807+0000] {dagbag.py:545} INFO - Filling up the DagBag from /opt/airflow/dags/kafka_stream.py
[2024-07-25T00:33:01.821+0000] {processor.py:840} INFO - DAG(s) 'user_automation' retrieved from /opt/airflow/dags/kafka_stream.py
[2024-07-25T00:33:01.858+0000] {logging_mixin.py:188} INFO - [2024-07-25T00:33:01.858+0000] {dag.py:3089} INFO - Sync 1 DAGs
[2024-07-25T00:33:01.888+0000] {logging_mixin.py:188} INFO - [2024-07-25T00:33:01.888+0000] {dag.py:3947} INFO - Setting next_dagrun for user_automation to 2024-07-25 00:00:00+00:00, run_after=2024-07-26 00:00:00+00:00
[2024-07-25T00:33:01.916+0000] {processor.py:183} INFO - Processing /opt/airflow/dags/kafka_stream.py took 0.117 seconds
[2024-07-25T00:33:32.021+0000] {processor.py:161} INFO - Started process (PID=414) to work on /opt/airflow/dags/kafka_stream.py
[2024-07-25T00:33:32.022+0000] {processor.py:830} INFO - Processing file /opt/airflow/dags/kafka_stream.py for tasks to queue
[2024-07-25T00:33:32.024+0000] {logging_mixin.py:188} INFO - [2024-07-25T00:33:32.023+0000] {dagbag.py:545} INFO - Filling up the DagBag from /opt/airflow/dags/kafka_stream.py
[2024-07-25T00:33:32.034+0000] {processor.py:840} INFO - DAG(s) 'user_automation' retrieved from /opt/airflow/dags/kafka_stream.py
[2024-07-25T00:33:32.065+0000] {logging_mixin.py:188} INFO - [2024-07-25T00:33:32.064+0000] {dag.py:3089} INFO - Sync 1 DAGs
[2024-07-25T00:33:32.090+0000] {logging_mixin.py:188} INFO - [2024-07-25T00:33:32.090+0000] {dag.py:3947} INFO - Setting next_dagrun for user_automation to 2024-07-25 00:00:00+00:00, run_after=2024-07-26 00:00:00+00:00
[2024-07-25T00:33:32.119+0000] {processor.py:183} INFO - Processing /opt/airflow/dags/kafka_stream.py took 0.104 seconds
[2024-07-25T00:34:02.233+0000] {processor.py:161} INFO - Started process (PID=425) to work on /opt/airflow/dags/kafka_stream.py
[2024-07-25T00:34:02.234+0000] {processor.py:830} INFO - Processing file /opt/airflow/dags/kafka_stream.py for tasks to queue
[2024-07-25T00:34:02.240+0000] {logging_mixin.py:188} INFO - [2024-07-25T00:34:02.239+0000] {dagbag.py:545} INFO - Filling up the DagBag from /opt/airflow/dags/kafka_stream.py
[2024-07-25T00:34:02.340+0000] {processor.py:840} INFO - DAG(s) 'user_automation' retrieved from /opt/airflow/dags/kafka_stream.py
[2024-07-25T00:34:02.428+0000] {logging_mixin.py:188} INFO - [2024-07-25T00:34:02.427+0000] {dag.py:3089} INFO - Sync 1 DAGs
[2024-07-25T00:34:02.543+0000] {logging_mixin.py:188} INFO - [2024-07-25T00:34:02.543+0000] {dag.py:3947} INFO - Setting next_dagrun for user_automation to 2024-07-25 00:00:00+00:00, run_after=2024-07-26 00:00:00+00:00
[2024-07-25T00:34:02.617+0000] {processor.py:183} INFO - Processing /opt/airflow/dags/kafka_stream.py took 0.391 seconds
[2024-07-25T00:34:32.786+0000] {processor.py:161} INFO - Started process (PID=436) to work on /opt/airflow/dags/kafka_stream.py
[2024-07-25T00:34:32.787+0000] {processor.py:830} INFO - Processing file /opt/airflow/dags/kafka_stream.py for tasks to queue
[2024-07-25T00:34:32.790+0000] {logging_mixin.py:188} INFO - [2024-07-25T00:34:32.790+0000] {dagbag.py:545} INFO - Filling up the DagBag from /opt/airflow/dags/kafka_stream.py
[2024-07-25T00:34:32.805+0000] {processor.py:840} INFO - DAG(s) 'user_automation' retrieved from /opt/airflow/dags/kafka_stream.py
[2024-07-25T00:34:32.844+0000] {logging_mixin.py:188} INFO - [2024-07-25T00:34:32.843+0000] {dag.py:3089} INFO - Sync 1 DAGs
[2024-07-25T00:34:32.870+0000] {logging_mixin.py:188} INFO - [2024-07-25T00:34:32.870+0000] {dag.py:3947} INFO - Setting next_dagrun for user_automation to 2024-07-25 00:00:00+00:00, run_after=2024-07-26 00:00:00+00:00
[2024-07-25T00:34:32.904+0000] {processor.py:183} INFO - Processing /opt/airflow/dags/kafka_stream.py took 0.124 seconds
[2024-07-25T00:35:02.965+0000] {processor.py:161} INFO - Started process (PID=447) to work on /opt/airflow/dags/kafka_stream.py
[2024-07-25T00:35:02.968+0000] {processor.py:830} INFO - Processing file /opt/airflow/dags/kafka_stream.py for tasks to queue
[2024-07-25T00:35:02.970+0000] {logging_mixin.py:188} INFO - [2024-07-25T00:35:02.970+0000] {dagbag.py:545} INFO - Filling up the DagBag from /opt/airflow/dags/kafka_stream.py
[2024-07-25T00:35:02.983+0000] {processor.py:840} INFO - DAG(s) 'user_automation' retrieved from /opt/airflow/dags/kafka_stream.py
[2024-07-25T00:35:03.016+0000] {logging_mixin.py:188} INFO - [2024-07-25T00:35:03.016+0000] {dag.py:3089} INFO - Sync 1 DAGs
[2024-07-25T00:35:03.044+0000] {logging_mixin.py:188} INFO - [2024-07-25T00:35:03.044+0000] {dag.py:3947} INFO - Setting next_dagrun for user_automation to 2024-07-25 00:00:00+00:00, run_after=2024-07-26 00:00:00+00:00
[2024-07-25T00:35:03.077+0000] {processor.py:183} INFO - Processing /opt/airflow/dags/kafka_stream.py took 0.119 seconds
[2024-07-25T00:35:33.232+0000] {processor.py:161} INFO - Started process (PID=458) to work on /opt/airflow/dags/kafka_stream.py
[2024-07-25T00:35:33.233+0000] {processor.py:830} INFO - Processing file /opt/airflow/dags/kafka_stream.py for tasks to queue
[2024-07-25T00:35:33.235+0000] {logging_mixin.py:188} INFO - [2024-07-25T00:35:33.235+0000] {dagbag.py:545} INFO - Filling up the DagBag from /opt/airflow/dags/kafka_stream.py
[2024-07-25T00:35:33.253+0000] {processor.py:840} INFO - DAG(s) 'user_automation' retrieved from /opt/airflow/dags/kafka_stream.py
[2024-07-25T00:35:33.303+0000] {logging_mixin.py:188} INFO - [2024-07-25T00:35:33.302+0000] {dag.py:3089} INFO - Sync 1 DAGs
[2024-07-25T00:35:33.356+0000] {logging_mixin.py:188} INFO - [2024-07-25T00:35:33.356+0000] {dag.py:3947} INFO - Setting next_dagrun for user_automation to 2024-07-25 00:00:00+00:00, run_after=2024-07-26 00:00:00+00:00
[2024-07-25T00:35:33.387+0000] {processor.py:183} INFO - Processing /opt/airflow/dags/kafka_stream.py took 0.164 seconds
[2024-07-25T00:36:03.562+0000] {processor.py:161} INFO - Started process (PID=469) to work on /opt/airflow/dags/kafka_stream.py
[2024-07-25T00:36:03.564+0000] {processor.py:830} INFO - Processing file /opt/airflow/dags/kafka_stream.py for tasks to queue
[2024-07-25T00:36:03.567+0000] {logging_mixin.py:188} INFO - [2024-07-25T00:36:03.566+0000] {dagbag.py:545} INFO - Filling up the DagBag from /opt/airflow/dags/kafka_stream.py
[2024-07-25T00:36:03.589+0000] {processor.py:840} INFO - DAG(s) 'user_automation' retrieved from /opt/airflow/dags/kafka_stream.py
[2024-07-25T00:36:03.629+0000] {logging_mixin.py:188} INFO - [2024-07-25T00:36:03.629+0000] {dag.py:3089} INFO - Sync 1 DAGs
[2024-07-25T00:36:03.658+0000] {logging_mixin.py:188} INFO - [2024-07-25T00:36:03.657+0000] {dag.py:3947} INFO - Setting next_dagrun for user_automation to 2024-07-25 00:00:00+00:00, run_after=2024-07-26 00:00:00+00:00
[2024-07-25T00:36:03.695+0000] {processor.py:183} INFO - Processing /opt/airflow/dags/kafka_stream.py took 0.140 seconds
[2024-07-25T00:36:33.852+0000] {processor.py:161} INFO - Started process (PID=480) to work on /opt/airflow/dags/kafka_stream.py
[2024-07-25T00:36:33.855+0000] {processor.py:830} INFO - Processing file /opt/airflow/dags/kafka_stream.py for tasks to queue
[2024-07-25T00:36:33.857+0000] {logging_mixin.py:188} INFO - [2024-07-25T00:36:33.857+0000] {dagbag.py:545} INFO - Filling up the DagBag from /opt/airflow/dags/kafka_stream.py
[2024-07-25T00:36:33.869+0000] {processor.py:840} INFO - DAG(s) 'user_automation' retrieved from /opt/airflow/dags/kafka_stream.py
[2024-07-25T00:36:33.901+0000] {logging_mixin.py:188} INFO - [2024-07-25T00:36:33.901+0000] {dag.py:3089} INFO - Sync 1 DAGs
[2024-07-25T00:36:33.931+0000] {logging_mixin.py:188} INFO - [2024-07-25T00:36:33.931+0000] {dag.py:3947} INFO - Setting next_dagrun for user_automation to 2024-07-25 00:00:00+00:00, run_after=2024-07-26 00:00:00+00:00
[2024-07-25T00:36:33.963+0000] {processor.py:183} INFO - Processing /opt/airflow/dags/kafka_stream.py took 0.117 seconds
[2024-07-25T00:37:04.014+0000] {processor.py:161} INFO - Started process (PID=491) to work on /opt/airflow/dags/kafka_stream.py
[2024-07-25T00:37:04.016+0000] {processor.py:830} INFO - Processing file /opt/airflow/dags/kafka_stream.py for tasks to queue
[2024-07-25T00:37:04.019+0000] {logging_mixin.py:188} INFO - [2024-07-25T00:37:04.018+0000] {dagbag.py:545} INFO - Filling up the DagBag from /opt/airflow/dags/kafka_stream.py
[2024-07-25T00:37:04.038+0000] {processor.py:840} INFO - DAG(s) 'user_automation' retrieved from /opt/airflow/dags/kafka_stream.py
[2024-07-25T00:37:04.099+0000] {logging_mixin.py:188} INFO - [2024-07-25T00:37:04.098+0000] {dag.py:3089} INFO - Sync 1 DAGs
[2024-07-25T00:37:04.133+0000] {logging_mixin.py:188} INFO - [2024-07-25T00:37:04.133+0000] {dag.py:3947} INFO - Setting next_dagrun for user_automation to 2024-07-25 00:00:00+00:00, run_after=2024-07-26 00:00:00+00:00
[2024-07-25T00:37:04.164+0000] {processor.py:183} INFO - Processing /opt/airflow/dags/kafka_stream.py took 0.158 seconds
[2024-07-25T00:37:34.284+0000] {processor.py:161} INFO - Started process (PID=502) to work on /opt/airflow/dags/kafka_stream.py
[2024-07-25T00:37:34.286+0000] {processor.py:830} INFO - Processing file /opt/airflow/dags/kafka_stream.py for tasks to queue
[2024-07-25T00:37:34.288+0000] {logging_mixin.py:188} INFO - [2024-07-25T00:37:34.288+0000] {dagbag.py:545} INFO - Filling up the DagBag from /opt/airflow/dags/kafka_stream.py
[2024-07-25T00:37:34.300+0000] {processor.py:840} INFO - DAG(s) 'user_automation' retrieved from /opt/airflow/dags/kafka_stream.py
[2024-07-25T00:37:34.332+0000] {logging_mixin.py:188} INFO - [2024-07-25T00:37:34.332+0000] {dag.py:3089} INFO - Sync 1 DAGs
[2024-07-25T00:37:34.358+0000] {logging_mixin.py:188} INFO - [2024-07-25T00:37:34.358+0000] {dag.py:3947} INFO - Setting next_dagrun for user_automation to 2024-07-25 00:00:00+00:00, run_after=2024-07-26 00:00:00+00:00
[2024-07-25T00:37:34.391+0000] {processor.py:183} INFO - Processing /opt/airflow/dags/kafka_stream.py took 0.112 seconds
[2024-07-25T00:38:04.482+0000] {processor.py:161} INFO - Started process (PID=516) to work on /opt/airflow/dags/kafka_stream.py
[2024-07-25T00:38:04.483+0000] {processor.py:830} INFO - Processing file /opt/airflow/dags/kafka_stream.py for tasks to queue
[2024-07-25T00:38:04.486+0000] {logging_mixin.py:188} INFO - [2024-07-25T00:38:04.485+0000] {dagbag.py:545} INFO - Filling up the DagBag from /opt/airflow/dags/kafka_stream.py
[2024-07-25T00:38:04.499+0000] {processor.py:840} INFO - DAG(s) 'user_automation' retrieved from /opt/airflow/dags/kafka_stream.py
[2024-07-25T00:38:04.544+0000] {logging_mixin.py:188} INFO - [2024-07-25T00:38:04.544+0000] {dag.py:3089} INFO - Sync 1 DAGs
[2024-07-25T00:38:04.580+0000] {logging_mixin.py:188} INFO - [2024-07-25T00:38:04.579+0000] {dag.py:3947} INFO - Setting next_dagrun for user_automation to 2024-07-25 00:00:00+00:00, run_after=2024-07-26 00:00:00+00:00
[2024-07-25T00:38:04.613+0000] {processor.py:183} INFO - Processing /opt/airflow/dags/kafka_stream.py took 0.141 seconds
[2024-07-25T00:38:34.722+0000] {processor.py:161} INFO - Started process (PID=528) to work on /opt/airflow/dags/kafka_stream.py
[2024-07-25T00:38:34.722+0000] {processor.py:830} INFO - Processing file /opt/airflow/dags/kafka_stream.py for tasks to queue
[2024-07-25T00:38:34.725+0000] {logging_mixin.py:188} INFO - [2024-07-25T00:38:34.724+0000] {dagbag.py:545} INFO - Filling up the DagBag from /opt/airflow/dags/kafka_stream.py
[2024-07-25T00:38:34.740+0000] {processor.py:840} INFO - DAG(s) 'user_automation' retrieved from /opt/airflow/dags/kafka_stream.py
[2024-07-25T00:38:34.782+0000] {logging_mixin.py:188} INFO - [2024-07-25T00:38:34.782+0000] {dag.py:3089} INFO - Sync 1 DAGs
[2024-07-25T00:38:34.815+0000] {logging_mixin.py:188} INFO - [2024-07-25T00:38:34.815+0000] {dag.py:3947} INFO - Setting next_dagrun for user_automation to 2024-07-25 00:00:00+00:00, run_after=2024-07-26 00:00:00+00:00
[2024-07-25T00:38:34.850+0000] {processor.py:183} INFO - Processing /opt/airflow/dags/kafka_stream.py took 0.136 seconds
[2024-07-25T00:39:04.934+0000] {processor.py:161} INFO - Started process (PID=539) to work on /opt/airflow/dags/kafka_stream.py
[2024-07-25T00:39:04.937+0000] {processor.py:830} INFO - Processing file /opt/airflow/dags/kafka_stream.py for tasks to queue
[2024-07-25T00:39:04.939+0000] {logging_mixin.py:188} INFO - [2024-07-25T00:39:04.938+0000] {dagbag.py:545} INFO - Filling up the DagBag from /opt/airflow/dags/kafka_stream.py
[2024-07-25T00:39:04.952+0000] {processor.py:840} INFO - DAG(s) 'user_automation' retrieved from /opt/airflow/dags/kafka_stream.py
[2024-07-25T00:39:04.990+0000] {logging_mixin.py:188} INFO - [2024-07-25T00:39:04.989+0000] {dag.py:3089} INFO - Sync 1 DAGs
[2024-07-25T00:39:05.024+0000] {logging_mixin.py:188} INFO - [2024-07-25T00:39:05.024+0000] {dag.py:3947} INFO - Setting next_dagrun for user_automation to 2024-07-25 00:00:00+00:00, run_after=2024-07-26 00:00:00+00:00
[2024-07-25T00:39:05.072+0000] {processor.py:183} INFO - Processing /opt/airflow/dags/kafka_stream.py took 0.145 seconds
[2024-07-25T00:39:35.166+0000] {processor.py:161} INFO - Started process (PID=550) to work on /opt/airflow/dags/kafka_stream.py
[2024-07-25T00:39:35.168+0000] {processor.py:830} INFO - Processing file /opt/airflow/dags/kafka_stream.py for tasks to queue
[2024-07-25T00:39:35.169+0000] {logging_mixin.py:188} INFO - [2024-07-25T00:39:35.169+0000] {dagbag.py:545} INFO - Filling up the DagBag from /opt/airflow/dags/kafka_stream.py
[2024-07-25T00:39:35.181+0000] {processor.py:840} INFO - DAG(s) 'user_automation' retrieved from /opt/airflow/dags/kafka_stream.py
[2024-07-25T00:39:35.214+0000] {logging_mixin.py:188} INFO - [2024-07-25T00:39:35.214+0000] {dag.py:3089} INFO - Sync 1 DAGs
[2024-07-25T00:39:35.240+0000] {logging_mixin.py:188} INFO - [2024-07-25T00:39:35.240+0000] {dag.py:3947} INFO - Setting next_dagrun for user_automation to 2024-07-25 00:00:00+00:00, run_after=2024-07-26 00:00:00+00:00
[2024-07-25T00:39:35.271+0000] {processor.py:183} INFO - Processing /opt/airflow/dags/kafka_stream.py took 0.111 seconds
[2024-07-25T00:40:05.403+0000] {processor.py:161} INFO - Started process (PID=561) to work on /opt/airflow/dags/kafka_stream.py
[2024-07-25T00:40:05.406+0000] {processor.py:830} INFO - Processing file /opt/airflow/dags/kafka_stream.py for tasks to queue
[2024-07-25T00:40:05.407+0000] {logging_mixin.py:188} INFO - [2024-07-25T00:40:05.407+0000] {dagbag.py:545} INFO - Filling up the DagBag from /opt/airflow/dags/kafka_stream.py
[2024-07-25T00:40:05.419+0000] {processor.py:840} INFO - DAG(s) 'user_automation' retrieved from /opt/airflow/dags/kafka_stream.py
[2024-07-25T00:40:05.452+0000] {logging_mixin.py:188} INFO - [2024-07-25T00:40:05.452+0000] {dag.py:3089} INFO - Sync 1 DAGs
[2024-07-25T00:40:05.480+0000] {logging_mixin.py:188} INFO - [2024-07-25T00:40:05.479+0000] {dag.py:3947} INFO - Setting next_dagrun for user_automation to 2024-07-25 00:00:00+00:00, run_after=2024-07-26 00:00:00+00:00
[2024-07-25T00:40:05.515+0000] {processor.py:183} INFO - Processing /opt/airflow/dags/kafka_stream.py took 0.117 seconds
[2024-07-25T00:40:35.581+0000] {processor.py:161} INFO - Started process (PID=572) to work on /opt/airflow/dags/kafka_stream.py
[2024-07-25T00:40:35.584+0000] {processor.py:830} INFO - Processing file /opt/airflow/dags/kafka_stream.py for tasks to queue
[2024-07-25T00:40:35.587+0000] {logging_mixin.py:188} INFO - [2024-07-25T00:40:35.586+0000] {dagbag.py:545} INFO - Filling up the DagBag from /opt/airflow/dags/kafka_stream.py
[2024-07-25T00:40:35.598+0000] {processor.py:840} INFO - DAG(s) 'user_automation' retrieved from /opt/airflow/dags/kafka_stream.py
[2024-07-25T00:40:35.630+0000] {logging_mixin.py:188} INFO - [2024-07-25T00:40:35.630+0000] {dag.py:3089} INFO - Sync 1 DAGs
[2024-07-25T00:40:35.658+0000] {logging_mixin.py:188} INFO - [2024-07-25T00:40:35.657+0000] {dag.py:3947} INFO - Setting next_dagrun for user_automation to 2024-07-25 00:00:00+00:00, run_after=2024-07-26 00:00:00+00:00
[2024-07-25T00:40:35.691+0000] {processor.py:183} INFO - Processing /opt/airflow/dags/kafka_stream.py took 0.116 seconds
[2024-07-25T00:41:05.817+0000] {processor.py:161} INFO - Started process (PID=583) to work on /opt/airflow/dags/kafka_stream.py
[2024-07-25T00:41:05.820+0000] {processor.py:830} INFO - Processing file /opt/airflow/dags/kafka_stream.py for tasks to queue
[2024-07-25T00:41:05.822+0000] {logging_mixin.py:188} INFO - [2024-07-25T00:41:05.822+0000] {dagbag.py:545} INFO - Filling up the DagBag from /opt/airflow/dags/kafka_stream.py
[2024-07-25T00:41:05.833+0000] {processor.py:840} INFO - DAG(s) 'user_automation' retrieved from /opt/airflow/dags/kafka_stream.py
[2024-07-25T00:41:05.865+0000] {logging_mixin.py:188} INFO - [2024-07-25T00:41:05.865+0000] {dag.py:3089} INFO - Sync 1 DAGs
[2024-07-25T00:41:05.894+0000] {logging_mixin.py:188} INFO - [2024-07-25T00:41:05.893+0000] {dag.py:3947} INFO - Setting next_dagrun for user_automation to 2024-07-25 00:00:00+00:00, run_after=2024-07-26 00:00:00+00:00
[2024-07-25T00:41:05.926+0000] {processor.py:183} INFO - Processing /opt/airflow/dags/kafka_stream.py took 0.114 seconds
[2024-07-25T00:41:36.001+0000] {processor.py:161} INFO - Started process (PID=594) to work on /opt/airflow/dags/kafka_stream.py
[2024-07-25T00:41:36.004+0000] {processor.py:830} INFO - Processing file /opt/airflow/dags/kafka_stream.py for tasks to queue
[2024-07-25T00:41:36.006+0000] {logging_mixin.py:188} INFO - [2024-07-25T00:41:36.005+0000] {dagbag.py:545} INFO - Filling up the DagBag from /opt/airflow/dags/kafka_stream.py
[2024-07-25T00:41:36.017+0000] {processor.py:840} INFO - DAG(s) 'user_automation' retrieved from /opt/airflow/dags/kafka_stream.py
[2024-07-25T00:41:36.053+0000] {logging_mixin.py:188} INFO - [2024-07-25T00:41:36.052+0000] {dag.py:3089} INFO - Sync 1 DAGs
[2024-07-25T00:41:36.082+0000] {logging_mixin.py:188} INFO - [2024-07-25T00:41:36.082+0000] {dag.py:3947} INFO - Setting next_dagrun for user_automation to 2024-07-25 00:00:00+00:00, run_after=2024-07-26 00:00:00+00:00
[2024-07-25T00:41:36.117+0000] {processor.py:183} INFO - Processing /opt/airflow/dags/kafka_stream.py took 0.122 seconds
[2024-07-25T00:42:06.252+0000] {processor.py:161} INFO - Started process (PID=605) to work on /opt/airflow/dags/kafka_stream.py
[2024-07-25T00:42:06.253+0000] {processor.py:830} INFO - Processing file /opt/airflow/dags/kafka_stream.py for tasks to queue
[2024-07-25T00:42:06.257+0000] {logging_mixin.py:188} INFO - [2024-07-25T00:42:06.255+0000] {dagbag.py:545} INFO - Filling up the DagBag from /opt/airflow/dags/kafka_stream.py
[2024-07-25T00:42:06.282+0000] {processor.py:840} INFO - DAG(s) 'user_automation' retrieved from /opt/airflow/dags/kafka_stream.py
[2024-07-25T00:42:06.337+0000] {logging_mixin.py:188} INFO - [2024-07-25T00:42:06.336+0000] {dag.py:3089} INFO - Sync 1 DAGs
[2024-07-25T00:42:06.372+0000] {logging_mixin.py:188} INFO - [2024-07-25T00:42:06.372+0000] {dag.py:3947} INFO - Setting next_dagrun for user_automation to 2024-07-25 00:00:00+00:00, run_after=2024-07-26 00:00:00+00:00
[2024-07-25T00:42:06.406+0000] {processor.py:183} INFO - Processing /opt/airflow/dags/kafka_stream.py took 0.160 seconds
[2024-07-25T00:42:36.567+0000] {processor.py:161} INFO - Started process (PID=616) to work on /opt/airflow/dags/kafka_stream.py
[2024-07-25T00:42:36.569+0000] {processor.py:830} INFO - Processing file /opt/airflow/dags/kafka_stream.py for tasks to queue
[2024-07-25T00:42:36.570+0000] {logging_mixin.py:188} INFO - [2024-07-25T00:42:36.570+0000] {dagbag.py:545} INFO - Filling up the DagBag from /opt/airflow/dags/kafka_stream.py
[2024-07-25T00:42:36.583+0000] {processor.py:840} INFO - DAG(s) 'user_automation' retrieved from /opt/airflow/dags/kafka_stream.py
[2024-07-25T00:42:36.616+0000] {logging_mixin.py:188} INFO - [2024-07-25T00:42:36.616+0000] {dag.py:3089} INFO - Sync 1 DAGs
[2024-07-25T00:42:36.644+0000] {logging_mixin.py:188} INFO - [2024-07-25T00:42:36.644+0000] {dag.py:3947} INFO - Setting next_dagrun for user_automation to 2024-07-25 00:00:00+00:00, run_after=2024-07-26 00:00:00+00:00
[2024-07-25T00:42:36.676+0000] {processor.py:183} INFO - Processing /opt/airflow/dags/kafka_stream.py took 0.118 seconds
[2024-07-25T00:43:06.723+0000] {processor.py:161} INFO - Started process (PID=627) to work on /opt/airflow/dags/kafka_stream.py
[2024-07-25T00:43:06.726+0000] {processor.py:830} INFO - Processing file /opt/airflow/dags/kafka_stream.py for tasks to queue
[2024-07-25T00:43:06.728+0000] {logging_mixin.py:188} INFO - [2024-07-25T00:43:06.728+0000] {dagbag.py:545} INFO - Filling up the DagBag from /opt/airflow/dags/kafka_stream.py
[2024-07-25T00:43:06.741+0000] {processor.py:840} INFO - DAG(s) 'user_automation' retrieved from /opt/airflow/dags/kafka_stream.py
[2024-07-25T00:43:06.773+0000] {logging_mixin.py:188} INFO - [2024-07-25T00:43:06.773+0000] {dag.py:3089} INFO - Sync 1 DAGs
[2024-07-25T00:43:06.801+0000] {logging_mixin.py:188} INFO - [2024-07-25T00:43:06.801+0000] {dag.py:3947} INFO - Setting next_dagrun for user_automation to 2024-07-25 00:00:00+00:00, run_after=2024-07-26 00:00:00+00:00
[2024-07-25T00:43:06.843+0000] {processor.py:183} INFO - Processing /opt/airflow/dags/kafka_stream.py took 0.126 seconds
[2024-07-25T00:43:36.994+0000] {processor.py:161} INFO - Started process (PID=638) to work on /opt/airflow/dags/kafka_stream.py
[2024-07-25T00:43:36.997+0000] {processor.py:830} INFO - Processing file /opt/airflow/dags/kafka_stream.py for tasks to queue
[2024-07-25T00:43:37.000+0000] {logging_mixin.py:188} INFO - [2024-07-25T00:43:37.000+0000] {dagbag.py:545} INFO - Filling up the DagBag from /opt/airflow/dags/kafka_stream.py
[2024-07-25T00:43:37.011+0000] {processor.py:840} INFO - DAG(s) 'user_automation' retrieved from /opt/airflow/dags/kafka_stream.py
[2024-07-25T00:43:37.043+0000] {logging_mixin.py:188} INFO - [2024-07-25T00:43:37.043+0000] {dag.py:3089} INFO - Sync 1 DAGs
[2024-07-25T00:43:37.069+0000] {logging_mixin.py:188} INFO - [2024-07-25T00:43:37.069+0000] {dag.py:3947} INFO - Setting next_dagrun for user_automation to 2024-07-25 00:00:00+00:00, run_after=2024-07-26 00:00:00+00:00
[2024-07-25T00:43:37.103+0000] {processor.py:183} INFO - Processing /opt/airflow/dags/kafka_stream.py took 0.115 seconds
