[2024-07-24T22:11:56.701+0000] {manager.py:470} INFO - Processing files using up to 2 processes at a time 
[2024-07-24T22:11:56.703+0000] {manager.py:471} INFO - Process each file at most once every 30 seconds
[2024-07-24T22:11:56.704+0000] {manager.py:472} INFO - Checking for new files in /opt/airflow/dags every 300 seconds
[2024-07-24T22:11:56.705+0000] {manager.py:737} INFO - Searching for files in /opt/airflow/dags
[2024-07-24T22:11:56.709+0000] {manager.py:740} INFO - There are 1 files in /opt/airflow/dags
[2024-07-24T22:11:56.939+0000] {manager.py:878} INFO - 
================================================================================
DAG File Processing Stats

File Path                            PID  Runtime      # DAGs    # Errors  Last Runtime    Last Run
---------------------------------  -----  ---------  --------  ----------  --------------  ----------
/opt/airflow/dags/kafka_stream.py    224  0.10s             0           0
================================================================================
[2024-07-24T22:12:27.106+0000] {manager.py:878} INFO - 
================================================================================
DAG File Processing Stats

File Path                          PID    Runtime      # DAGs    # Errors  Last Runtime    Last Run
---------------------------------  -----  ---------  --------  ----------  --------------  -------------------
/opt/airflow/dags/kafka_stream.py                           1           0  0.87s           2024-07-24T22:11:57
================================================================================
[2024-07-24T22:12:57.265+0000] {manager.py:878} INFO - 
================================================================================
DAG File Processing Stats

File Path                          PID    Runtime      # DAGs    # Errors  Last Runtime    Last Run
---------------------------------  -----  ---------  --------  ----------  --------------  -------------------
/opt/airflow/dags/kafka_stream.py                           1           0  0.20s           2024-07-24T22:12:28
================================================================================
[2024-07-24T22:13:27.457+0000] {manager.py:878} INFO - 
================================================================================
DAG File Processing Stats

File Path                          PID    Runtime      # DAGs    # Errors  Last Runtime    Last Run
---------------------------------  -----  ---------  --------  ----------  --------------  -------------------
/opt/airflow/dags/kafka_stream.py                           1           0  0.57s           2024-07-24T22:12:58
================================================================================
[2024-07-24T22:13:57.536+0000] {manager.py:878} INFO - 
================================================================================
DAG File Processing Stats

File Path                          PID    Runtime      # DAGs    # Errors  Last Runtime    Last Run
---------------------------------  -----  ---------  --------  ----------  --------------  -------------------
/opt/airflow/dags/kafka_stream.py                           1           0  0.35s           2024-07-24T22:13:29
================================================================================
[2024-07-24T22:14:27.739+0000] {manager.py:878} INFO - 
================================================================================
DAG File Processing Stats

File Path                          PID    Runtime      # DAGs    # Errors  Last Runtime    Last Run
---------------------------------  -----  ---------  --------  ----------  --------------  -------------------
/opt/airflow/dags/kafka_stream.py                           1           0  0.31s           2024-07-24T22:13:59
================================================================================
[2024-07-24T22:14:58.291+0000] {manager.py:878} INFO - 
================================================================================
DAG File Processing Stats

File Path                          PID    Runtime      # DAGs    # Errors  Last Runtime    Last Run
---------------------------------  -----  ---------  --------  ----------  --------------  -------------------
/opt/airflow/dags/kafka_stream.py                           1           0  0.27s           2024-07-24T22:14:30
================================================================================
[2024-07-24T22:15:28.725+0000] {manager.py:878} INFO - 
================================================================================
DAG File Processing Stats

File Path                          PID    Runtime      # DAGs    # Errors  Last Runtime    Last Run
---------------------------------  -----  ---------  --------  ----------  --------------  -------------------
/opt/airflow/dags/kafka_stream.py                           1           0  0.30s           2024-07-24T22:15:00
================================================================================
[2024-07-24T22:15:59.014+0000] {manager.py:878} INFO - 
================================================================================
DAG File Processing Stats

File Path                          PID    Runtime      # DAGs    # Errors  Last Runtime    Last Run
---------------------------------  -----  ---------  --------  ----------  --------------  -------------------
/opt/airflow/dags/kafka_stream.py                           1           0  0.33s           2024-07-24T22:15:31
================================================================================
[2024-07-24T22:16:29.440+0000] {manager.py:878} INFO - 
================================================================================
DAG File Processing Stats

File Path                          PID    Runtime      # DAGs    # Errors  Last Runtime    Last Run
---------------------------------  -----  ---------  --------  ----------  --------------  -------------------
/opt/airflow/dags/kafka_stream.py                           1           0  0.29s           2024-07-24T22:16:01
================================================================================
[2024-07-24T22:16:56.893+0000] {manager.py:737} INFO - Searching for files in /opt/airflow/dags
[2024-07-24T22:16:56.897+0000] {manager.py:740} INFO - There are 1 files in /opt/airflow/dags
[2024-07-24T22:16:59.944+0000] {manager.py:878} INFO - 
================================================================================
DAG File Processing Stats

File Path                          PID    Runtime      # DAGs    # Errors  Last Runtime    Last Run
---------------------------------  -----  ---------  --------  ----------  --------------  -------------------
/opt/airflow/dags/kafka_stream.py                           1           0  0.25s           2024-07-24T22:16:31
================================================================================
[2024-07-24T22:17:30.394+0000] {manager.py:878} INFO - 
================================================================================
DAG File Processing Stats

File Path                          PID    Runtime      # DAGs    # Errors  Last Runtime    Last Run
---------------------------------  -----  ---------  --------  ----------  --------------  -------------------
/opt/airflow/dags/kafka_stream.py                           1           0  0.36s           2024-07-24T22:17:02
================================================================================
[2024-07-24T22:18:00.965+0000] {manager.py:878} INFO - 
================================================================================
DAG File Processing Stats

File Path                          PID    Runtime      # DAGs    # Errors  Last Runtime    Last Run
---------------------------------  -----  ---------  --------  ----------  --------------  -------------------
/opt/airflow/dags/kafka_stream.py                           1           0  0.32s           2024-07-24T22:17:33
================================================================================
[2024-07-24T22:18:31.513+0000] {manager.py:878} INFO - 
================================================================================
DAG File Processing Stats

File Path                          PID    Runtime      # DAGs    # Errors  Last Runtime    Last Run
---------------------------------  -----  ---------  --------  ----------  --------------  -------------------
/opt/airflow/dags/kafka_stream.py                           1           0  0.31s           2024-07-24T22:18:03
================================================================================
[2024-07-24T22:19:01.613+0000] {manager.py:878} INFO - 
================================================================================
DAG File Processing Stats

File Path                          PID    Runtime      # DAGs    # Errors  Last Runtime    Last Run
---------------------------------  -----  ---------  --------  ----------  --------------  -------------------
/opt/airflow/dags/kafka_stream.py                           1           0  0.60s           2024-07-24T22:18:34
================================================================================
[2024-07-24T22:19:31.836+0000] {manager.py:878} INFO - 
================================================================================
DAG File Processing Stats

File Path                          PID    Runtime      # DAGs    # Errors  Last Runtime    Last Run
---------------------------------  -----  ---------  --------  ----------  --------------  -------------------
/opt/airflow/dags/kafka_stream.py                           1           0  0.32s           2024-07-24T22:19:04
================================================================================
[2024-07-24T22:20:02.329+0000] {manager.py:878} INFO - 
================================================================================
DAG File Processing Stats

File Path                          PID    Runtime      # DAGs    # Errors  Last Runtime    Last Run
---------------------------------  -----  ---------  --------  ----------  --------------  -------------------
/opt/airflow/dags/kafka_stream.py                           1           0  0.31s           2024-07-24T22:19:35
================================================================================
[2024-07-24T22:20:32.824+0000] {manager.py:878} INFO - 
================================================================================
DAG File Processing Stats

File Path                          PID    Runtime      # DAGs    # Errors  Last Runtime    Last Run
---------------------------------  -----  ---------  --------  ----------  --------------  -------------------
/opt/airflow/dags/kafka_stream.py                           1           0  0.29s           2024-07-24T22:20:05
================================================================================
[2024-07-24T22:21:03.305+0000] {manager.py:878} INFO - 
================================================================================
DAG File Processing Stats

File Path                          PID    Runtime      # DAGs    # Errors  Last Runtime    Last Run
---------------------------------  -----  ---------  --------  ----------  --------------  -------------------
/opt/airflow/dags/kafka_stream.py                           1           0  0.34s           2024-07-24T22:20:36
================================================================================
[2024-07-24T22:21:33.811+0000] {manager.py:878} INFO - 
================================================================================
DAG File Processing Stats

File Path                          PID    Runtime      # DAGs    # Errors  Last Runtime    Last Run
---------------------------------  -----  ---------  --------  ----------  --------------  -------------------
/opt/airflow/dags/kafka_stream.py                           1           0  0.35s           2024-07-24T22:21:06
================================================================================
[2024-07-24T22:21:56.902+0000] {manager.py:737} INFO - Searching for files in /opt/airflow/dags
[2024-07-24T22:21:56.904+0000] {manager.py:740} INFO - There are 1 files in /opt/airflow/dags
[2024-07-24T22:22:03.963+0000] {manager.py:878} INFO - 
================================================================================
DAG File Processing Stats

File Path                          PID    Runtime      # DAGs    # Errors  Last Runtime    Last Run
---------------------------------  -----  ---------  --------  ----------  --------------  -------------------
/opt/airflow/dags/kafka_stream.py                           1           0  0.60s           2024-07-24T22:21:37
================================================================================
[2024-07-24T22:22:34.179+0000] {manager.py:878} INFO - 
================================================================================
DAG File Processing Stats

File Path                          PID    Runtime      # DAGs    # Errors  Last Runtime    Last Run
---------------------------------  -----  ---------  --------  ----------  --------------  -------------------
/opt/airflow/dags/kafka_stream.py                           1           0  0.35s           2024-07-24T22:22:08
================================================================================
[2024-07-24T22:23:04.719+0000] {manager.py:878} INFO - 
================================================================================
DAG File Processing Stats

File Path                          PID    Runtime      # DAGs    # Errors  Last Runtime    Last Run
---------------------------------  -----  ---------  --------  ----------  --------------  -------------------
/opt/airflow/dags/kafka_stream.py                           1           0  0.35s           2024-07-24T22:22:38
================================================================================
[2024-07-24T22:23:35.306+0000] {manager.py:878} INFO - 
================================================================================
DAG File Processing Stats

File Path                          PID    Runtime      # DAGs    # Errors  Last Runtime    Last Run
---------------------------------  -----  ---------  --------  ----------  --------------  -------------------
/opt/airflow/dags/kafka_stream.py                           1           0  0.40s           2024-07-24T22:23:09
================================================================================
[2024-07-24T22:24:05.896+0000] {manager.py:878} INFO - 
================================================================================
DAG File Processing Stats

File Path                          PID    Runtime      # DAGs    # Errors  Last Runtime    Last Run
---------------------------------  -----  ---------  --------  ----------  --------------  -------------------
/opt/airflow/dags/kafka_stream.py                           1           0  0.30s           2024-07-24T22:23:40
================================================================================
[2024-07-24T22:24:36.375+0000] {manager.py:878} INFO - 
================================================================================
DAG File Processing Stats

File Path                          PID    Runtime      # DAGs    # Errors  Last Runtime    Last Run
---------------------------------  -----  ---------  --------  ----------  --------------  -------------------
/opt/airflow/dags/kafka_stream.py                           1           0  0.34s           2024-07-24T22:24:10
================================================================================
[2024-07-24T22:25:06.896+0000] {manager.py:878} INFO - 
================================================================================
DAG File Processing Stats

File Path                          PID    Runtime      # DAGs    # Errors  Last Runtime    Last Run
---------------------------------  -----  ---------  --------  ----------  --------------  -------------------
/opt/airflow/dags/kafka_stream.py                           1           0  0.41s           2024-07-24T22:24:41
================================================================================
[2024-07-24T22:25:29.909+0000] {manager.py:452} INFO - Exiting gracefully upon receiving signal 15
[2024-07-24T22:30:38.569+0000] {manager.py:470} INFO - Processing files using up to 2 processes at a time 
[2024-07-24T22:30:38.619+0000] {manager.py:471} INFO - Process each file at most once every 30 seconds
[2024-07-24T22:30:38.620+0000] {manager.py:472} INFO - Checking for new files in /opt/airflow/dags every 300 seconds
[2024-07-24T22:30:38.621+0000] {manager.py:737} INFO - Searching for files in /opt/airflow/dags
[2024-07-24T22:30:38.625+0000] {manager.py:740} INFO - There are 1 files in /opt/airflow/dags
[2024-07-24T22:30:38.964+0000] {manager.py:878} INFO - 
================================================================================
DAG File Processing Stats

File Path                            PID  Runtime      # DAGs    # Errors  Last Runtime    Last Run
---------------------------------  -----  ---------  --------  ----------  --------------  ----------
/opt/airflow/dags/kafka_stream.py    222  0.17s             0           0
================================================================================
[2024-07-24T22:31:09.163+0000] {manager.py:878} INFO - 
================================================================================
DAG File Processing Stats

File Path                          PID    Runtime      # DAGs    # Errors  Last Runtime    Last Run
---------------------------------  -----  ---------  --------  ----------  --------------  -------------------
/opt/airflow/dags/kafka_stream.py                           1           0  1.24s           2024-07-24T22:30:40
================================================================================
[2024-07-24T22:31:39.413+0000] {manager.py:878} INFO - 
================================================================================
DAG File Processing Stats

File Path                          PID    Runtime      # DAGs    # Errors  Last Runtime    Last Run
---------------------------------  -----  ---------  --------  ----------  --------------  -------------------
/opt/airflow/dags/kafka_stream.py                           1           0  0.21s           2024-07-24T22:31:10
================================================================================
[2024-07-24T22:32:09.814+0000] {manager.py:878} INFO - 
================================================================================
DAG File Processing Stats

File Path                          PID    Runtime      # DAGs    # Errors  Last Runtime    Last Run
---------------------------------  -----  ---------  --------  ----------  --------------  -------------------
/opt/airflow/dags/kafka_stream.py                           1           0  0.78s           2024-07-24T22:31:41
================================================================================
[2024-07-24T22:32:39.981+0000] {manager.py:878} INFO - 
================================================================================
DAG File Processing Stats

File Path                          PID    Runtime      # DAGs    # Errors  Last Runtime    Last Run
---------------------------------  -----  ---------  --------  ----------  --------------  -------------------
/opt/airflow/dags/kafka_stream.py                           1           0  0.35s           2024-07-24T22:32:11
================================================================================
[2024-07-24T22:33:10.193+0000] {manager.py:878} INFO - 
================================================================================
DAG File Processing Stats

File Path                          PID    Runtime      # DAGs    # Errors  Last Runtime    Last Run
---------------------------------  -----  ---------  --------  ----------  --------------  -------------------
/opt/airflow/dags/kafka_stream.py                           1           0  0.40s           2024-07-24T22:32:42
================================================================================
[2024-07-24T22:33:40.780+0000] {manager.py:878} INFO - 
================================================================================
DAG File Processing Stats

File Path                          PID    Runtime      # DAGs    # Errors  Last Runtime    Last Run
---------------------------------  -----  ---------  --------  ----------  --------------  -------------------
/opt/airflow/dags/kafka_stream.py                           1           0  0.34s           2024-07-24T22:33:12
================================================================================
[2024-07-24T22:34:11.302+0000] {manager.py:878} INFO - 
================================================================================
DAG File Processing Stats

File Path                          PID    Runtime      # DAGs    # Errors  Last Runtime    Last Run
---------------------------------  -----  ---------  --------  ----------  --------------  -------------------
/opt/airflow/dags/kafka_stream.py                           1           0  0.33s           2024-07-24T22:33:43
================================================================================
[2024-07-24T22:34:41.811+0000] {manager.py:878} INFO - 
================================================================================
DAG File Processing Stats

File Path                          PID    Runtime      # DAGs    # Errors  Last Runtime    Last Run
---------------------------------  -----  ---------  --------  ----------  --------------  -------------------
/opt/airflow/dags/kafka_stream.py                           1           0  0.32s           2024-07-24T22:34:13
================================================================================
[2024-07-24T22:35:12.316+0000] {manager.py:878} INFO - 
================================================================================
DAG File Processing Stats

File Path                          PID    Runtime      # DAGs    # Errors  Last Runtime    Last Run
---------------------------------  -----  ---------  --------  ----------  --------------  -------------------
/opt/airflow/dags/kafka_stream.py                           1           0  0.30s           2024-07-24T22:34:44
================================================================================
[2024-07-24T22:35:38.770+0000] {manager.py:737} INFO - Searching for files in /opt/airflow/dags
[2024-07-24T22:35:38.774+0000] {manager.py:740} INFO - There are 1 files in /opt/airflow/dags
[2024-07-24T22:35:42.831+0000] {manager.py:878} INFO - 
================================================================================
DAG File Processing Stats

File Path                          PID    Runtime      # DAGs    # Errors  Last Runtime    Last Run
---------------------------------  -----  ---------  --------  ----------  --------------  -------------------
/opt/airflow/dags/kafka_stream.py                           1           0  0.31s           2024-07-24T22:35:14
================================================================================
[2024-07-24T22:36:13.312+0000] {manager.py:878} INFO - 
================================================================================
DAG File Processing Stats

File Path                          PID    Runtime      # DAGs    # Errors  Last Runtime    Last Run
---------------------------------  -----  ---------  --------  ----------  --------------  -------------------
/opt/airflow/dags/kafka_stream.py                           1           0  0.40s           2024-07-24T22:35:45
================================================================================
[2024-07-24T22:36:43.890+0000] {manager.py:878} INFO - 
================================================================================
DAG File Processing Stats

File Path                          PID    Runtime      # DAGs    # Errors  Last Runtime    Last Run
---------------------------------  -----  ---------  --------  ----------  --------------  -------------------
/opt/airflow/dags/kafka_stream.py                           1           0  0.39s           2024-07-24T22:36:16
================================================================================
[2024-07-24T22:37:14.475+0000] {manager.py:878} INFO - 
================================================================================
DAG File Processing Stats

File Path                          PID    Runtime      # DAGs    # Errors  Last Runtime    Last Run
---------------------------------  -----  ---------  --------  ----------  --------------  -------------------
/opt/airflow/dags/kafka_stream.py                           1           0  0.30s           2024-07-24T22:36:46
================================================================================
[2024-07-24T22:37:44.952+0000] {manager.py:878} INFO - 
================================================================================
DAG File Processing Stats

File Path                          PID    Runtime      # DAGs    # Errors  Last Runtime    Last Run
---------------------------------  -----  ---------  --------  ----------  --------------  -------------------
/opt/airflow/dags/kafka_stream.py                           1           0  0.29s           2024-07-24T22:37:17
================================================================================
[2024-07-24T22:38:15.426+0000] {manager.py:878} INFO - 
================================================================================
DAG File Processing Stats

File Path                          PID    Runtime      # DAGs    # Errors  Last Runtime    Last Run
---------------------------------  -----  ---------  --------  ----------  --------------  -------------------
/opt/airflow/dags/kafka_stream.py                           1           0  0.34s           2024-07-24T22:37:47
================================================================================
[2024-07-24T22:48:51.723+0000] {manager.py:737} INFO - Searching for files in /opt/airflow/dags
[2024-07-24T22:48:51.729+0000] {manager.py:740} INFO - There are 1 files in /opt/airflow/dags
[2024-07-24T22:48:51.821+0000] {manager.py:878} INFO - 
================================================================================
DAG File Processing Stats

File Path                            PID  Runtime      # DAGs    # Errors  Last Runtime    Last Run
---------------------------------  -----  ---------  --------  ----------  --------------  -------------------
/opt/airflow/dags/kafka_stream.py    400  0.04s             1           0  0.35s           2024-07-24T22:38:18
================================================================================
[2024-07-24T22:49:21.983+0000] {manager.py:878} INFO - 
================================================================================
DAG File Processing Stats

File Path                          PID    Runtime      # DAGs    # Errors  Last Runtime    Last Run
---------------------------------  -----  ---------  --------  ----------  --------------  -------------------
/opt/airflow/dags/kafka_stream.py                           1           0  1.03s           2024-07-24T22:48:52
================================================================================
[2024-07-24T22:49:52.415+0000] {manager.py:878} INFO - 
================================================================================
DAG File Processing Stats

File Path                          PID    Runtime      # DAGs    # Errors  Last Runtime    Last Run
---------------------------------  -----  ---------  --------  ----------  --------------  -------------------
/opt/airflow/dags/kafka_stream.py                           1           0  0.26s           2024-07-24T22:49:23
================================================================================
[2024-07-24T22:50:22.597+0000] {manager.py:878} INFO - 
================================================================================
DAG File Processing Stats

File Path                          PID    Runtime      # DAGs    # Errors  Last Runtime    Last Run
---------------------------------  -----  ---------  --------  ----------  --------------  -------------------
/opt/airflow/dags/kafka_stream.py                           1           0  0.28s           2024-07-24T22:49:53
================================================================================
[2024-07-24T22:50:53.041+0000] {manager.py:878} INFO - 
================================================================================
DAG File Processing Stats

File Path                          PID    Runtime      # DAGs    # Errors  Last Runtime    Last Run
---------------------------------  -----  ---------  --------  ----------  --------------  -------------------
/opt/airflow/dags/kafka_stream.py                           1           0  0.31s           2024-07-24T22:50:24
================================================================================
[2024-07-24T22:51:23.544+0000] {manager.py:878} INFO - 
================================================================================
DAG File Processing Stats

File Path                          PID    Runtime      # DAGs    # Errors  Last Runtime    Last Run
---------------------------------  -----  ---------  --------  ----------  --------------  -------------------
/opt/airflow/dags/kafka_stream.py                           1           0  0.27s           2024-07-24T22:50:54
================================================================================
[2024-07-24T22:51:53.998+0000] {manager.py:878} INFO - 
================================================================================
DAG File Processing Stats

File Path                          PID    Runtime      # DAGs    # Errors  Last Runtime    Last Run
---------------------------------  -----  ---------  --------  ----------  --------------  -------------------
/opt/airflow/dags/kafka_stream.py                           1           0  0.32s           2024-07-24T22:51:25
================================================================================
[2024-07-24T22:52:24.502+0000] {manager.py:878} INFO - 
================================================================================
DAG File Processing Stats

File Path                          PID    Runtime      # DAGs    # Errors  Last Runtime    Last Run
---------------------------------  -----  ---------  --------  ----------  --------------  -------------------
/opt/airflow/dags/kafka_stream.py                           1           0  0.25s           2024-07-24T22:51:55
================================================================================
[2024-07-24T22:52:54.940+0000] {manager.py:878} INFO - 
================================================================================
DAG File Processing Stats

File Path                          PID    Runtime      # DAGs    # Errors  Last Runtime    Last Run
---------------------------------  -----  ---------  --------  ----------  --------------  -------------------
/opt/airflow/dags/kafka_stream.py                           1           0  0.23s           2024-07-24T22:52:25
================================================================================
[2024-07-24T23:21:39.691+0000] {manager.py:737} INFO - Searching for files in /opt/airflow/dags
[2024-07-24T23:21:39.694+0000] {manager.py:740} INFO - There are 1 files in /opt/airflow/dags
[2024-07-24T23:21:41.370+0000] {manager.py:878} INFO - 
================================================================================
DAG File Processing Stats

File Path                          PID    Runtime      # DAGs    # Errors  Last Runtime    Last Run
---------------------------------  -----  ---------  --------  ----------  --------------  -------------------
/opt/airflow/dags/kafka_stream.py                           1           0  0.63s           2024-07-24T23:21:40
================================================================================
[2024-07-24T23:22:11.485+0000] {manager.py:878} INFO - 
================================================================================
DAG File Processing Stats

File Path                          PID    Runtime      # DAGs    # Errors  Last Runtime    Last Run
---------------------------------  -----  ---------  --------  ----------  --------------  -------------------
/opt/airflow/dags/kafka_stream.py                           1           0  0.13s           2024-07-24T23:22:10
================================================================================
[2024-07-24T23:22:41.722+0000] {manager.py:878} INFO - 
================================================================================
DAG File Processing Stats

File Path                          PID    Runtime      # DAGs    # Errors  Last Runtime    Last Run
---------------------------------  -----  ---------  --------  ----------  --------------  -------------------
/opt/airflow/dags/kafka_stream.py                           1           0  0.13s           2024-07-24T23:22:40
================================================================================
[2024-07-24T23:23:11.869+0000] {manager.py:878} INFO - 
================================================================================
DAG File Processing Stats

File Path                          PID    Runtime      # DAGs    # Errors  Last Runtime    Last Run
---------------------------------  -----  ---------  --------  ----------  --------------  -------------------
/opt/airflow/dags/kafka_stream.py                           1           0  0.13s           2024-07-24T23:23:10
================================================================================
[2024-07-24T23:23:42.127+0000] {manager.py:878} INFO - 
================================================================================
DAG File Processing Stats

File Path                          PID    Runtime      # DAGs    # Errors  Last Runtime    Last Run
---------------------------------  -----  ---------  --------  ----------  --------------  -------------------
/opt/airflow/dags/kafka_stream.py                           1           0  0.14s           2024-07-24T23:23:41
================================================================================
[2024-07-24T23:24:12.302+0000] {manager.py:878} INFO - 
================================================================================
DAG File Processing Stats

File Path                          PID    Runtime      # DAGs    # Errors  Last Runtime    Last Run
---------------------------------  -----  ---------  --------  ----------  --------------  -------------------
/opt/airflow/dags/kafka_stream.py                           1           0  0.13s           2024-07-24T23:24:11
================================================================================
[2024-07-24T23:24:42.566+0000] {manager.py:878} INFO - 
================================================================================
DAG File Processing Stats

File Path                          PID    Runtime      # DAGs    # Errors  Last Runtime    Last Run
---------------------------------  -----  ---------  --------  ----------  --------------  -------------------
/opt/airflow/dags/kafka_stream.py                           1           0  0.14s           2024-07-24T23:24:41
================================================================================
[2024-07-24T23:25:12.753+0000] {manager.py:878} INFO - 
================================================================================
DAG File Processing Stats

File Path                          PID    Runtime      # DAGs    # Errors  Last Runtime    Last Run
---------------------------------  -----  ---------  --------  ----------  --------------  -------------------
/opt/airflow/dags/kafka_stream.py                           1           0  0.17s           2024-07-24T23:25:11
================================================================================
[2024-07-24T23:25:43.033+0000] {manager.py:878} INFO - 
================================================================================
DAG File Processing Stats

File Path                          PID    Runtime      # DAGs    # Errors  Last Runtime    Last Run
---------------------------------  -----  ---------  --------  ----------  --------------  -------------------
/opt/airflow/dags/kafka_stream.py                           1           0  0.16s           2024-07-24T23:25:42
================================================================================
[2024-07-24T23:26:13.205+0000] {manager.py:878} INFO - 
================================================================================
DAG File Processing Stats

File Path                          PID    Runtime      # DAGs    # Errors  Last Runtime    Last Run
---------------------------------  -----  ---------  --------  ----------  --------------  -------------------
/opt/airflow/dags/kafka_stream.py                           1           0  0.15s           2024-07-24T23:26:12
================================================================================
[2024-07-24T23:26:40.336+0000] {manager.py:737} INFO - Searching for files in /opt/airflow/dags
[2024-07-24T23:26:40.339+0000] {manager.py:740} INFO - There are 1 files in /opt/airflow/dags
[2024-07-24T23:26:43.474+0000] {manager.py:878} INFO - 
================================================================================
DAG File Processing Stats

File Path                          PID    Runtime      # DAGs    # Errors  Last Runtime    Last Run
---------------------------------  -----  ---------  --------  ----------  --------------  -------------------
/opt/airflow/dags/kafka_stream.py                           1           0  0.15s           2024-07-24T23:26:42
================================================================================
[2024-07-24T23:27:13.658+0000] {manager.py:878} INFO - 
================================================================================
DAG File Processing Stats

File Path                          PID    Runtime      # DAGs    # Errors  Last Runtime    Last Run
---------------------------------  -----  ---------  --------  ----------  --------------  -------------------
/opt/airflow/dags/kafka_stream.py                           1           0  0.21s           2024-07-24T23:27:12
================================================================================
[2024-07-24T23:27:43.978+0000] {manager.py:878} INFO - 
================================================================================
DAG File Processing Stats

File Path                          PID    Runtime      # DAGs    # Errors  Last Runtime    Last Run
---------------------------------  -----  ---------  --------  ----------  --------------  -------------------
/opt/airflow/dags/kafka_stream.py                           1           0  0.14s           2024-07-24T23:27:43
================================================================================
[2024-07-24T23:28:14.250+0000] {manager.py:878} INFO - 
================================================================================
DAG File Processing Stats

File Path                          PID    Runtime      # DAGs    # Errors  Last Runtime    Last Run
---------------------------------  -----  ---------  --------  ----------  --------------  -------------------
/opt/airflow/dags/kafka_stream.py                           1           0  0.13s           2024-07-24T23:28:13
================================================================================
[2024-07-24T23:28:44.425+0000] {manager.py:878} INFO - 
================================================================================
DAG File Processing Stats

File Path                          PID    Runtime      # DAGs    # Errors  Last Runtime    Last Run
---------------------------------  -----  ---------  --------  ----------  --------------  -------------------
/opt/airflow/dags/kafka_stream.py                           0           1  0.08s           2024-07-24T23:28:41
================================================================================
[2024-07-24T23:29:14.628+0000] {manager.py:878} INFO - 
================================================================================
DAG File Processing Stats

File Path                          PID    Runtime      # DAGs    # Errors  Last Runtime    Last Run
---------------------------------  -----  ---------  --------  ----------  --------------  -------------------
/opt/airflow/dags/kafka_stream.py                           0           1  0.08s           2024-07-24T23:29:11
================================================================================
[2024-07-24T23:29:44.820+0000] {manager.py:878} INFO - 
================================================================================
DAG File Processing Stats

File Path                          PID    Runtime      # DAGs    # Errors  Last Runtime    Last Run
---------------------------------  -----  ---------  --------  ----------  --------------  -------------------
/opt/airflow/dags/kafka_stream.py                           0           1  0.08s           2024-07-24T23:29:41
================================================================================
[2024-07-24T23:30:15.005+0000] {manager.py:878} INFO - 
================================================================================
DAG File Processing Stats

File Path                          PID    Runtime      # DAGs    # Errors  Last Runtime    Last Run
---------------------------------  -----  ---------  --------  ----------  --------------  -------------------
/opt/airflow/dags/kafka_stream.py                           0           1  0.06s           2024-07-24T23:30:12
================================================================================
[2024-07-24T23:30:45.186+0000] {manager.py:878} INFO - 
================================================================================
DAG File Processing Stats

File Path                          PID    Runtime      # DAGs    # Errors  Last Runtime    Last Run
---------------------------------  -----  ---------  --------  ----------  --------------  -------------------
/opt/airflow/dags/kafka_stream.py                           0           1  0.07s           2024-07-24T23:30:42
================================================================================
[2024-07-24T23:31:15.369+0000] {manager.py:878} INFO - 
================================================================================
DAG File Processing Stats

File Path                          PID    Runtime      # DAGs    # Errors  Last Runtime    Last Run
---------------------------------  -----  ---------  --------  ----------  --------------  -------------------
/opt/airflow/dags/kafka_stream.py                           0           1  0.07s           2024-07-24T23:31:12
================================================================================
[2024-07-24T23:31:40.518+0000] {manager.py:737} INFO - Searching for files in /opt/airflow/dags
[2024-07-24T23:31:40.519+0000] {manager.py:740} INFO - There are 1 files in /opt/airflow/dags
[2024-07-24T23:31:45.562+0000] {manager.py:878} INFO - 
================================================================================
DAG File Processing Stats

File Path                          PID    Runtime      # DAGs    # Errors  Last Runtime    Last Run
---------------------------------  -----  ---------  --------  ----------  --------------  -------------------
/opt/airflow/dags/kafka_stream.py                           0           1  0.07s           2024-07-24T23:31:32
================================================================================
[2024-07-24T23:32:15.728+0000] {manager.py:878} INFO - 
================================================================================
DAG File Processing Stats

File Path                          PID    Runtime      # DAGs    # Errors  Last Runtime    Last Run
---------------------------------  -----  ---------  --------  ----------  --------------  -------------------
/opt/airflow/dags/kafka_stream.py                           0           1  0.06s           2024-07-24T23:31:50
================================================================================
[2024-07-24T23:32:45.929+0000] {manager.py:878} INFO - 
================================================================================
DAG File Processing Stats

File Path                          PID    Runtime      # DAGs    # Errors  Last Runtime    Last Run
---------------------------------  -----  ---------  --------  ----------  --------------  -------------------
/opt/airflow/dags/kafka_stream.py                           0           1  0.07s           2024-07-24T23:32:20
================================================================================
[2024-07-24T23:33:16.467+0000] {manager.py:878} INFO - 
================================================================================
DAG File Processing Stats

File Path                          PID    Runtime      # DAGs    # Errors  Last Runtime    Last Run
---------------------------------  -----  ---------  --------  ----------  --------------  -------------------
/opt/airflow/dags/kafka_stream.py                           1           0  0.13s           2024-07-24T23:33:08
================================================================================
[2024-07-24T23:33:46.725+0000] {manager.py:878} INFO - 
================================================================================
DAG File Processing Stats

File Path                          PID    Runtime      # DAGs    # Errors  Last Runtime    Last Run
---------------------------------  -----  ---------  --------  ----------  --------------  -------------------
/opt/airflow/dags/kafka_stream.py                           1           0  0.15s           2024-07-24T23:33:38
================================================================================
[2024-07-24T23:34:16.895+0000] {manager.py:878} INFO - 
================================================================================
DAG File Processing Stats

File Path                          PID    Runtime      # DAGs    # Errors  Last Runtime    Last Run
---------------------------------  -----  ---------  --------  ----------  --------------  -------------------
/opt/airflow/dags/kafka_stream.py                           1           0  0.15s           2024-07-24T23:34:08
================================================================================
[2024-07-24T23:34:47.174+0000] {manager.py:878} INFO - 
================================================================================
DAG File Processing Stats

File Path                          PID    Runtime      # DAGs    # Errors  Last Runtime    Last Run
---------------------------------  -----  ---------  --------  ----------  --------------  -------------------
/opt/airflow/dags/kafka_stream.py                           1           0  0.15s           2024-07-24T23:34:39
================================================================================
[2024-07-24T23:35:17.355+0000] {manager.py:878} INFO - 
================================================================================
DAG File Processing Stats

File Path                          PID    Runtime      # DAGs    # Errors  Last Runtime    Last Run
---------------------------------  -----  ---------  --------  ----------  --------------  -------------------
/opt/airflow/dags/kafka_stream.py                           1           0  0.15s           2024-07-24T23:35:04
================================================================================
[2024-07-24T23:35:47.658+0000] {manager.py:878} INFO - 
================================================================================
DAG File Processing Stats

File Path                          PID    Runtime      # DAGs    # Errors  Last Runtime    Last Run
---------------------------------  -----  ---------  --------  ----------  --------------  -------------------
/opt/airflow/dags/kafka_stream.py                           1           0  0.16s           2024-07-24T23:35:43
================================================================================
[2024-07-24T23:36:17.921+0000] {manager.py:878} INFO - 
================================================================================
DAG File Processing Stats

File Path                          PID    Runtime      # DAGs    # Errors  Last Runtime    Last Run
---------------------------------  -----  ---------  --------  ----------  --------------  -------------------
/opt/airflow/dags/kafka_stream.py                           1           0  0.13s           2024-07-24T23:36:13
================================================================================
[2024-07-24T23:36:41.044+0000] {manager.py:737} INFO - Searching for files in /opt/airflow/dags
[2024-07-24T23:36:41.046+0000] {manager.py:740} INFO - There are 1 files in /opt/airflow/dags
[2024-07-24T23:36:48.111+0000] {manager.py:878} INFO - 
================================================================================
DAG File Processing Stats

File Path                          PID    Runtime      # DAGs    # Errors  Last Runtime    Last Run
---------------------------------  -----  ---------  --------  ----------  --------------  -------------------
/opt/airflow/dags/kafka_stream.py                           1           0  0.15s           2024-07-24T23:36:44
================================================================================
[2024-07-24T23:37:18.376+0000] {manager.py:878} INFO - 
================================================================================
DAG File Processing Stats

File Path                          PID    Runtime      # DAGs    # Errors  Last Runtime    Last Run
---------------------------------  -----  ---------  --------  ----------  --------------  -------------------
/opt/airflow/dags/kafka_stream.py                           1           0  0.14s           2024-07-24T23:37:14
================================================================================
[2024-07-24T23:37:48.550+0000] {manager.py:878} INFO - 
================================================================================
DAG File Processing Stats

File Path                          PID    Runtime      # DAGs    # Errors  Last Runtime    Last Run
---------------------------------  -----  ---------  --------  ----------  --------------  -------------------
/opt/airflow/dags/kafka_stream.py                           1           0  0.22s           2024-07-24T23:37:44
================================================================================
[2024-07-24T23:38:18.893+0000] {manager.py:878} INFO - 
================================================================================
DAG File Processing Stats

File Path                          PID    Runtime      # DAGs    # Errors  Last Runtime    Last Run
---------------------------------  -----  ---------  --------  ----------  --------------  -------------------
/opt/airflow/dags/kafka_stream.py                           1           0  0.13s           2024-07-24T23:38:14
================================================================================
[2024-07-24T23:38:49.155+0000] {manager.py:878} INFO - 
================================================================================
DAG File Processing Stats

File Path                          PID    Runtime      # DAGs    # Errors  Last Runtime    Last Run
---------------------------------  -----  ---------  --------  ----------  --------------  -------------------
/opt/airflow/dags/kafka_stream.py                           1           0  0.14s           2024-07-24T23:38:45
================================================================================
[2024-07-24T23:39:19.329+0000] {manager.py:878} INFO - 
================================================================================
DAG File Processing Stats

File Path                          PID    Runtime      # DAGs    # Errors  Last Runtime    Last Run
---------------------------------  -----  ---------  --------  ----------  --------------  -------------------
/opt/airflow/dags/kafka_stream.py                           1           0  0.14s           2024-07-24T23:39:15
================================================================================
[2024-07-24T23:39:49.593+0000] {manager.py:878} INFO - 
================================================================================
DAG File Processing Stats

File Path                          PID    Runtime      # DAGs    # Errors  Last Runtime    Last Run
---------------------------------  -----  ---------  --------  ----------  --------------  -------------------
/opt/airflow/dags/kafka_stream.py                           1           0  0.14s           2024-07-24T23:39:45
================================================================================
[2024-07-24T23:40:19.760+0000] {manager.py:878} INFO - 
================================================================================
DAG File Processing Stats

File Path                          PID    Runtime      # DAGs    # Errors  Last Runtime    Last Run
---------------------------------  -----  ---------  --------  ----------  --------------  -------------------
/opt/airflow/dags/kafka_stream.py                           1           0  0.15s           2024-07-24T23:40:15
================================================================================
[2024-07-24T23:40:50.039+0000] {manager.py:878} INFO - 
================================================================================
DAG File Processing Stats

File Path                          PID    Runtime      # DAGs    # Errors  Last Runtime    Last Run
---------------------------------  -----  ---------  --------  ----------  --------------  -------------------
/opt/airflow/dags/kafka_stream.py                           1           0  0.16s           2024-07-24T23:40:46
================================================================================
[2024-07-24T23:41:20.206+0000] {manager.py:878} INFO - 
================================================================================
DAG File Processing Stats

File Path                          PID    Runtime      # DAGs    # Errors  Last Runtime    Last Run
---------------------------------  -----  ---------  --------  ----------  --------------  -------------------
/opt/airflow/dags/kafka_stream.py                           1           0  0.15s           2024-07-24T23:41:16
================================================================================
[2024-07-24T23:41:41.310+0000] {manager.py:737} INFO - Searching for files in /opt/airflow/dags
[2024-07-24T23:41:41.312+0000] {manager.py:740} INFO - There are 1 files in /opt/airflow/dags
[2024-07-24T23:41:50.472+0000] {manager.py:878} INFO - 
================================================================================
DAG File Processing Stats

File Path                          PID    Runtime      # DAGs    # Errors  Last Runtime    Last Run
---------------------------------  -----  ---------  --------  ----------  --------------  -------------------
/opt/airflow/dags/kafka_stream.py                           1           0  0.15s           2024-07-24T23:41:46
================================================================================
[2024-07-24T23:42:20.651+0000] {manager.py:878} INFO - 
================================================================================
DAG File Processing Stats

File Path                          PID    Runtime      # DAGs    # Errors  Last Runtime    Last Run
---------------------------------  -----  ---------  --------  ----------  --------------  -------------------
/opt/airflow/dags/kafka_stream.py                           1           0  0.14s           2024-07-24T23:42:16
================================================================================
[2024-07-24T23:42:50.913+0000] {manager.py:878} INFO - 
================================================================================
DAG File Processing Stats

File Path                          PID    Runtime      # DAGs    # Errors  Last Runtime    Last Run
---------------------------------  -----  ---------  --------  ----------  --------------  -------------------
/opt/airflow/dags/kafka_stream.py                           1           0  0.14s           2024-07-24T23:42:46
================================================================================
[2024-07-24T23:43:21.090+0000] {manager.py:878} INFO - 
================================================================================
DAG File Processing Stats

File Path                          PID    Runtime      # DAGs    # Errors  Last Runtime    Last Run
---------------------------------  -----  ---------  --------  ----------  --------------  -------------------
/opt/airflow/dags/kafka_stream.py                           1           0  0.14s           2024-07-24T23:43:17
================================================================================
[2024-07-24T23:43:51.353+0000] {manager.py:878} INFO - 
================================================================================
DAG File Processing Stats

File Path                          PID    Runtime      # DAGs    # Errors  Last Runtime    Last Run
---------------------------------  -----  ---------  --------  ----------  --------------  -------------------
/opt/airflow/dags/kafka_stream.py                           1           0  0.22s           2024-07-24T23:43:47
================================================================================
[2024-07-24T23:44:21.605+0000] {manager.py:878} INFO - 
================================================================================
DAG File Processing Stats

File Path                          PID    Runtime      # DAGs    # Errors  Last Runtime    Last Run
---------------------------------  -----  ---------  --------  ----------  --------------  -------------------
/opt/airflow/dags/kafka_stream.py                           1           0  0.13s           2024-07-24T23:44:17
================================================================================
[2024-07-24T23:44:51.783+0000] {manager.py:878} INFO - 
================================================================================
DAG File Processing Stats

File Path                          PID    Runtime      # DAGs    # Errors  Last Runtime    Last Run
---------------------------------  -----  ---------  --------  ----------  --------------  -------------------
/opt/airflow/dags/kafka_stream.py                           1           0  0.18s           2024-07-24T23:44:47
================================================================================
[2024-07-24T23:45:05.218+0000] {manager.py:452} INFO - Exiting gracefully upon receiving signal 15
[2024-07-24T23:57:25.741+0000] {manager.py:470} INFO - Processing files using up to 2 processes at a time 
[2024-07-24T23:57:25.745+0000] {manager.py:471} INFO - Process each file at most once every 30 seconds
[2024-07-24T23:57:25.746+0000] {manager.py:472} INFO - Checking for new files in /opt/airflow/dags every 300 seconds
[2024-07-24T23:57:25.746+0000] {manager.py:737} INFO - Searching for files in /opt/airflow/dags
[2024-07-24T23:57:25.749+0000] {manager.py:740} INFO - There are 1 files in /opt/airflow/dags
[2024-07-24T23:57:25.920+0000] {manager.py:878} INFO - 
================================================================================
DAG File Processing Stats

File Path                            PID  Runtime      # DAGs    # Errors  Last Runtime    Last Run
---------------------------------  -----  ---------  --------  ----------  --------------  ----------
/opt/airflow/dags/kafka_stream.py    216  0.07s             0           0
================================================================================
[2024-07-24T23:57:56.081+0000] {manager.py:878} INFO - 
================================================================================
DAG File Processing Stats

File Path                          PID    Runtime      # DAGs    # Errors  Last Runtime    Last Run
---------------------------------  -----  ---------  --------  ----------  --------------  -------------------
/opt/airflow/dags/kafka_stream.py                           1           0  0.61s           2024-07-24T23:57:26
================================================================================
[2024-07-24T23:58:26.799+0000] {manager.py:878} INFO - 
================================================================================
DAG File Processing Stats

File Path                            PID  Runtime      # DAGs    # Errors  Last Runtime    Last Run
---------------------------------  -----  ---------  --------  ----------  --------------  -------------------
/opt/airflow/dags/kafka_stream.py    239  0.01s             1           0  0.14s           2024-07-24T23:57:56
================================================================================
[2024-07-24T23:58:57.064+0000] {manager.py:878} INFO - 
================================================================================
DAG File Processing Stats

File Path                          PID    Runtime      # DAGs    # Errors  Last Runtime    Last Run
---------------------------------  -----  ---------  --------  ----------  --------------  -------------------
/opt/airflow/dags/kafka_stream.py                           1           0  0.46s           2024-07-24T23:58:27
================================================================================
[2024-07-24T23:59:27.568+0000] {manager.py:878} INFO - 
================================================================================
DAG File Processing Stats

File Path                            PID  Runtime      # DAGs    # Errors  Last Runtime    Last Run
---------------------------------  -----  ---------  --------  ----------  --------------  -------------------
/opt/airflow/dags/kafka_stream.py    261  0.00s             1           0  0.16s           2024-07-24T23:58:57
================================================================================
[2024-07-24T23:59:57.850+0000] {manager.py:878} INFO - 
================================================================================
DAG File Processing Stats

File Path                            PID  Runtime      # DAGs    # Errors  Last Runtime    Last Run
---------------------------------  -----  ---------  --------  ----------  --------------  -------------------
/opt/airflow/dags/kafka_stream.py    272  0.00s             1           0  0.13s           2024-07-24T23:59:27
================================================================================
[2024-07-25T00:00:28.017+0000] {manager.py:878} INFO - 
================================================================================
DAG File Processing Stats

File Path                            PID  Runtime      # DAGs    # Errors  Last Runtime    Last Run
---------------------------------  -----  ---------  --------  ----------  --------------  -------------------
/opt/airflow/dags/kafka_stream.py    286  0.00s             1           0  0.12s           2024-07-24T23:59:57
================================================================================
[2024-07-25T00:00:58.256+0000] {manager.py:878} INFO - 
================================================================================
DAG File Processing Stats

File Path                            PID  Runtime      # DAGs    # Errors  Last Runtime    Last Run
---------------------------------  -----  ---------  --------  ----------  --------------  -------------------
/opt/airflow/dags/kafka_stream.py    297  0.00s             1           0  0.13s           2024-07-25T00:00:28
================================================================================
[2024-07-25T00:01:28.437+0000] {manager.py:878} INFO - 
================================================================================
DAG File Processing Stats

File Path                            PID  Runtime      # DAGs    # Errors  Last Runtime    Last Run
---------------------------------  -----  ---------  --------  ----------  --------------  -------------------
/opt/airflow/dags/kafka_stream.py    308  0.00s             1           0  0.13s           2024-07-25T00:00:58
================================================================================
[2024-07-25T00:01:58.676+0000] {manager.py:878} INFO - 
================================================================================
DAG File Processing Stats

File Path                            PID  Runtime      # DAGs    # Errors  Last Runtime    Last Run
---------------------------------  -----  ---------  --------  ----------  --------------  -------------------
/opt/airflow/dags/kafka_stream.py    319  0.00s             1           0  0.13s           2024-07-25T00:01:28
================================================================================
[2024-07-25T00:02:25.837+0000] {manager.py:737} INFO - Searching for files in /opt/airflow/dags
[2024-07-25T00:02:25.838+0000] {manager.py:740} INFO - There are 1 files in /opt/airflow/dags
[2024-07-25T00:02:28.876+0000] {manager.py:878} INFO - 
================================================================================
DAG File Processing Stats

File Path                            PID  Runtime      # DAGs    # Errors  Last Runtime    Last Run
---------------------------------  -----  ---------  --------  ----------  --------------  -------------------
/opt/airflow/dags/kafka_stream.py    330  0.00s             1           0  0.14s           2024-07-25T00:01:58
================================================================================
[2024-07-25T00:02:59.096+0000] {manager.py:878} INFO - 
================================================================================
DAG File Processing Stats

File Path                            PID  Runtime      # DAGs    # Errors  Last Runtime    Last Run
---------------------------------  -----  ---------  --------  ----------  --------------  -------------------
/opt/airflow/dags/kafka_stream.py    341  0.00s             1           0  0.13s           2024-07-25T00:02:29
================================================================================
[2024-07-25T00:03:29.307+0000] {manager.py:878} INFO - 
================================================================================
DAG File Processing Stats

File Path                            PID  Runtime      # DAGs    # Errors  Last Runtime    Last Run
---------------------------------  -----  ---------  --------  ----------  --------------  -------------------
/opt/airflow/dags/kafka_stream.py    353  0.01s             1           0  0.13s           2024-07-25T00:02:59
================================================================================
[2024-07-25T00:03:59.517+0000] {manager.py:878} INFO - 
================================================================================
DAG File Processing Stats

File Path                            PID  Runtime      # DAGs    # Errors  Last Runtime    Last Run
---------------------------------  -----  ---------  --------  ----------  --------------  -------------------
/opt/airflow/dags/kafka_stream.py    364  0.00s             1           0  0.14s           2024-07-25T00:03:29
================================================================================
[2024-07-25T00:04:29.736+0000] {manager.py:878} INFO - 
================================================================================
DAG File Processing Stats

File Path                            PID  Runtime      # DAGs    # Errors  Last Runtime    Last Run
---------------------------------  -----  ---------  --------  ----------  --------------  -------------------
/opt/airflow/dags/kafka_stream.py    375  0.01s             1           0  0.13s           2024-07-25T00:03:59
================================================================================
[2024-07-25T00:04:59.932+0000] {manager.py:878} INFO - 
================================================================================
DAG File Processing Stats

File Path                            PID  Runtime      # DAGs    # Errors  Last Runtime    Last Run
---------------------------------  -----  ---------  --------  ----------  --------------  -------------------
/opt/airflow/dags/kafka_stream.py    386  0.00s             1           0  0.13s           2024-07-25T00:04:29
================================================================================
[2024-07-25T00:05:30.166+0000] {manager.py:878} INFO - 
================================================================================
DAG File Processing Stats

File Path                            PID  Runtime      # DAGs    # Errors  Last Runtime    Last Run
---------------------------------  -----  ---------  --------  ----------  --------------  -------------------
/opt/airflow/dags/kafka_stream.py    397  0.00s             1           0  0.13s           2024-07-25T00:05:00
================================================================================
[2024-07-25T00:06:00.346+0000] {manager.py:878} INFO - 
================================================================================
DAG File Processing Stats

File Path                            PID  Runtime      # DAGs    # Errors  Last Runtime    Last Run
---------------------------------  -----  ---------  --------  ----------  --------------  -------------------
/opt/airflow/dags/kafka_stream.py    408  0.00s             1           0  0.14s           2024-07-25T00:05:30
================================================================================
[2024-07-25T00:06:30.598+0000] {manager.py:878} INFO - 
================================================================================
DAG File Processing Stats

File Path                            PID  Runtime      # DAGs    # Errors  Last Runtime    Last Run
---------------------------------  -----  ---------  --------  ----------  --------------  -------------------
/opt/airflow/dags/kafka_stream.py    419  0.00s             1           0  0.13s           2024-07-25T00:06:00
================================================================================
[2024-07-25T00:07:00.755+0000] {manager.py:878} INFO - 
================================================================================
DAG File Processing Stats

File Path                            PID  Runtime      # DAGs    # Errors  Last Runtime    Last Run
---------------------------------  -----  ---------  --------  ----------  --------------  -------------------
/opt/airflow/dags/kafka_stream.py    436  0.00s             1           0  0.13s           2024-07-25T00:06:30
================================================================================
[2024-07-25T00:07:25.987+0000] {manager.py:737} INFO - Searching for files in /opt/airflow/dags
[2024-07-25T00:07:25.989+0000] {manager.py:740} INFO - There are 1 files in /opt/airflow/dags
[2024-07-25T00:07:31.036+0000] {manager.py:878} INFO - 
================================================================================
DAG File Processing Stats

File Path                            PID  Runtime      # DAGs    # Errors  Last Runtime    Last Run
---------------------------------  -----  ---------  --------  ----------  --------------  -------------------
/opt/airflow/dags/kafka_stream.py    447  0.00s             1           0  0.13s           2024-07-25T00:07:00
================================================================================
[2024-07-25T00:08:01.202+0000] {manager.py:878} INFO - 
================================================================================
DAG File Processing Stats

File Path                            PID  Runtime      # DAGs    # Errors  Last Runtime    Last Run
---------------------------------  -----  ---------  --------  ----------  --------------  -------------------
/opt/airflow/dags/kafka_stream.py    458  0.00s             1           0  0.14s           2024-07-25T00:07:31
================================================================================
[2024-07-25T00:08:31.469+0000] {manager.py:878} INFO - 
================================================================================
DAG File Processing Stats

File Path                            PID  Runtime      # DAGs    # Errors  Last Runtime    Last Run
---------------------------------  -----  ---------  --------  ----------  --------------  -------------------
/opt/airflow/dags/kafka_stream.py    469  0.00s             1           0  0.13s           2024-07-25T00:08:01
================================================================================
[2024-07-25T00:09:01.632+0000] {manager.py:878} INFO - 
================================================================================
DAG File Processing Stats

File Path                            PID  Runtime      # DAGs    # Errors  Last Runtime    Last Run
---------------------------------  -----  ---------  --------  ----------  --------------  -------------------
/opt/airflow/dags/kafka_stream.py    483  0.01s             1           0  0.13s           2024-07-25T00:08:31
================================================================================
[2024-07-25T00:09:31.884+0000] {manager.py:878} INFO - 
================================================================================
DAG File Processing Stats

File Path                            PID  Runtime      # DAGs    # Errors  Last Runtime    Last Run
---------------------------------  -----  ---------  --------  ----------  --------------  -------------------
/opt/airflow/dags/kafka_stream.py    494  0.01s             1           0  0.21s           2024-07-25T00:09:01
================================================================================
[2024-07-25T00:10:02.134+0000] {manager.py:878} INFO - 
================================================================================
DAG File Processing Stats

File Path                          PID    Runtime      # DAGs    # Errors  Last Runtime    Last Run
---------------------------------  -----  ---------  --------  ----------  --------------  -------------------
/opt/airflow/dags/kafka_stream.py                           1           0  0.39s           2024-07-25T00:09:32
================================================================================
[2024-07-25T00:10:07.894+0000] {manager.py:452} INFO - Exiting gracefully upon receiving signal 15
[2024-07-25T00:24:57.181+0000] {manager.py:470} INFO - Processing files using up to 2 processes at a time 
[2024-07-25T00:24:57.182+0000] {manager.py:471} INFO - Process each file at most once every 30 seconds
[2024-07-25T00:24:57.183+0000] {manager.py:472} INFO - Checking for new files in /opt/airflow/dags every 300 seconds
[2024-07-25T00:24:57.183+0000] {manager.py:737} INFO - Searching for files in /opt/airflow/dags
[2024-07-25T00:24:57.186+0000] {manager.py:740} INFO - There are 1 files in /opt/airflow/dags
[2024-07-25T00:24:57.310+0000] {manager.py:878} INFO - 
================================================================================
DAG File Processing Stats

File Path                            PID  Runtime      # DAGs    # Errors  Last Runtime    Last Run
---------------------------------  -----  ---------  --------  ----------  --------------  ----------
/opt/airflow/dags/kafka_stream.py    216  0.05s             0           0
================================================================================
[2024-07-25T00:25:27.458+0000] {manager.py:878} INFO - 
================================================================================
DAG File Processing Stats

File Path                          PID    Runtime      # DAGs    # Errors  Last Runtime    Last Run
---------------------------------  -----  ---------  --------  ----------  --------------  -------------------
/opt/airflow/dags/kafka_stream.py                           1           0  0.55s           2024-07-25T00:24:57
================================================================================
[2024-07-25T00:25:58.115+0000] {manager.py:878} INFO - 
================================================================================
DAG File Processing Stats

File Path                            PID  Runtime      # DAGs    # Errors  Last Runtime    Last Run
---------------------------------  -----  ---------  --------  ----------  --------------  -------------------
/opt/airflow/dags/kafka_stream.py    239  0.00s             1           0  0.14s           2024-07-25T00:25:28
================================================================================
[2024-07-25T00:26:28.394+0000] {manager.py:878} INFO - 
================================================================================
DAG File Processing Stats

File Path                            PID  Runtime      # DAGs    # Errors  Last Runtime    Last Run
---------------------------------  -----  ---------  --------  ----------  --------------  -------------------
/opt/airflow/dags/kafka_stream.py    250  0.00s             1           0  0.26s           2024-07-25T00:25:58
================================================================================
[2024-07-25T00:26:58.672+0000] {manager.py:878} INFO - 
================================================================================
DAG File Processing Stats

File Path                            PID  Runtime      # DAGs    # Errors  Last Runtime    Last Run
---------------------------------  -----  ---------  --------  ----------  --------------  -------------------
/opt/airflow/dags/kafka_stream.py    261  0.00s             1           0  0.15s           2024-07-25T00:26:28
================================================================================
[2024-07-25T00:27:28.834+0000] {manager.py:878} INFO - 
================================================================================
DAG File Processing Stats

File Path                          PID    Runtime      # DAGs    # Errors  Last Runtime    Last Run
---------------------------------  -----  ---------  --------  ----------  --------------  -------------------
/opt/airflow/dags/kafka_stream.py                           1           0  0.19s           2024-07-25T00:26:58
================================================================================
[2024-07-25T00:27:59.159+0000] {manager.py:878} INFO - 
================================================================================
DAG File Processing Stats

File Path                            PID  Runtime      # DAGs    # Errors  Last Runtime    Last Run
---------------------------------  -----  ---------  --------  ----------  --------------  -------------------
/opt/airflow/dags/kafka_stream.py    284  0.01s             1           0  0.15s           2024-07-25T00:27:29
================================================================================
[2024-07-25T00:28:29.439+0000] {manager.py:878} INFO - 
================================================================================
DAG File Processing Stats

File Path                            PID  Runtime      # DAGs    # Errors  Last Runtime    Last Run
---------------------------------  -----  ---------  --------  ----------  --------------  -------------------
/opt/airflow/dags/kafka_stream.py    295  0.00s             1           0  0.13s           2024-07-25T00:27:59
================================================================================
[2024-07-25T00:28:59.594+0000] {manager.py:878} INFO - 
================================================================================
DAG File Processing Stats

File Path                          PID    Runtime      # DAGs    # Errors  Last Runtime    Last Run
---------------------------------  -----  ---------  --------  ----------  --------------  -------------------
/opt/airflow/dags/kafka_stream.py                           1           0  0.16s           2024-07-25T00:28:29
================================================================================
[2024-07-25T00:29:29.866+0000] {manager.py:878} INFO - 
================================================================================
DAG File Processing Stats

File Path                          PID    Runtime      # DAGs    # Errors  Last Runtime    Last Run
---------------------------------  -----  ---------  --------  ----------  --------------  -------------------
/opt/airflow/dags/kafka_stream.py                           1           0  0.15s           2024-07-25T00:28:59
================================================================================
[2024-07-25T00:29:57.346+0000] {manager.py:737} INFO - Searching for files in /opt/airflow/dags
[2024-07-25T00:29:57.348+0000] {manager.py:740} INFO - There are 1 files in /opt/airflow/dags
[2024-07-25T00:30:00.389+0000] {manager.py:878} INFO - 
================================================================================
DAG File Processing Stats

File Path                            PID  Runtime      # DAGs    # Errors  Last Runtime    Last Run
---------------------------------  -----  ---------  --------  ----------  --------------  -------------------
/opt/airflow/dags/kafka_stream.py    328  0.00s             1           0  0.23s           2024-07-25T00:29:30
================================================================================
[2024-07-25T00:30:30.548+0000] {manager.py:878} INFO - 
================================================================================
DAG File Processing Stats

File Path                          PID    Runtime      # DAGs    # Errors  Last Runtime    Last Run
---------------------------------  -----  ---------  --------  ----------  --------------  -------------------
/opt/airflow/dags/kafka_stream.py                           1           0  0.18s           2024-07-25T00:30:00
================================================================================
[2024-07-25T00:31:00.861+0000] {manager.py:878} INFO - 
================================================================================
DAG File Processing Stats

File Path                            PID  Runtime      # DAGs    # Errors  Last Runtime    Last Run
---------------------------------  -----  ---------  --------  ----------  --------------  -------------------
/opt/airflow/dags/kafka_stream.py    350  0.00s             1           0  0.15s           2024-07-25T00:30:30
================================================================================
[2024-07-25T00:31:31.146+0000] {manager.py:878} INFO - 
================================================================================
DAG File Processing Stats

File Path                            PID  Runtime      # DAGs    # Errors  Last Runtime    Last Run
---------------------------------  -----  ---------  --------  ----------  --------------  -------------------
/opt/airflow/dags/kafka_stream.py    367  0.01s             1           0  0.14s           2024-07-25T00:31:00
================================================================================
[2024-07-25T00:32:01.315+0000] {manager.py:878} INFO - 
================================================================================
DAG File Processing Stats

File Path                            PID  Runtime      # DAGs    # Errors  Last Runtime    Last Run
---------------------------------  -----  ---------  --------  ----------  --------------  -------------------
/opt/airflow/dags/kafka_stream.py    378  0.01s             1           0  0.16s           2024-07-25T00:31:31
================================================================================
[2024-07-25T00:32:31.582+0000] {manager.py:878} INFO - 
================================================================================
DAG File Processing Stats

File Path                            PID  Runtime      # DAGs    # Errors  Last Runtime    Last Run
---------------------------------  -----  ---------  --------  ----------  --------------  -------------------
/opt/airflow/dags/kafka_stream.py    389  0.00s             1           0  0.19s           2024-07-25T00:32:01
================================================================================
[2024-07-25T00:33:01.793+0000] {manager.py:878} INFO - 
================================================================================
DAG File Processing Stats

File Path                            PID  Runtime      # DAGs    # Errors  Last Runtime    Last Run
---------------------------------  -----  ---------  --------  ----------  --------------  -------------------
/opt/airflow/dags/kafka_stream.py    400  0.01s             1           0  0.14s           2024-07-25T00:32:31
================================================================================
[2024-07-25T00:33:32.009+0000] {manager.py:878} INFO - 
================================================================================
DAG File Processing Stats

File Path                            PID  Runtime      # DAGs    # Errors  Last Runtime    Last Run
---------------------------------  -----  ---------  --------  ----------  --------------  -------------------
/opt/airflow/dags/kafka_stream.py    414  0.01s             1           0  0.14s           2024-07-25T00:33:01
================================================================================
[2024-07-25T00:34:02.221+0000] {manager.py:878} INFO - 
================================================================================
DAG File Processing Stats

File Path                            PID  Runtime      # DAGs    # Errors  Last Runtime    Last Run
---------------------------------  -----  ---------  --------  ----------  --------------  -------------------
/opt/airflow/dags/kafka_stream.py    425  0.00s             1           0  0.13s           2024-07-25T00:33:32
================================================================================
[2024-07-25T00:34:32.402+0000] {manager.py:878} INFO - 
================================================================================
DAG File Processing Stats

File Path                          PID    Runtime      # DAGs    # Errors  Last Runtime    Last Run
---------------------------------  -----  ---------  --------  ----------  --------------  -------------------
/opt/airflow/dags/kafka_stream.py                           1           0  0.42s           2024-07-25T00:34:02
================================================================================
[2024-07-25T00:34:57.903+0000] {manager.py:737} INFO - Searching for files in /opt/airflow/dags
[2024-07-25T00:34:57.906+0000] {manager.py:740} INFO - There are 1 files in /opt/airflow/dags
[2024-07-25T00:35:02.953+0000] {manager.py:878} INFO - 
================================================================================
DAG File Processing Stats

File Path                            PID  Runtime      # DAGs    # Errors  Last Runtime    Last Run
---------------------------------  -----  ---------  --------  ----------  --------------  -------------------
/opt/airflow/dags/kafka_stream.py    447  0.01s             1           0  0.15s           2024-07-25T00:34:32
================================================================================
[2024-07-25T00:35:33.217+0000] {manager.py:878} INFO - 
================================================================================
DAG File Processing Stats

File Path                            PID  Runtime      # DAGs    # Errors  Last Runtime    Last Run
---------------------------------  -----  ---------  --------  ----------  --------------  -------------------
/opt/airflow/dags/kafka_stream.py    458  0.01s             1           0  0.14s           2024-07-25T00:35:03
================================================================================
[2024-07-25T00:36:03.382+0000] {manager.py:878} INFO - 
================================================================================
DAG File Processing Stats

File Path                          PID    Runtime      # DAGs    # Errors  Last Runtime    Last Run
---------------------------------  -----  ---------  --------  ----------  --------------  -------------------
/opt/airflow/dags/kafka_stream.py                           1           0  0.19s           2024-07-25T00:35:33
================================================================================
[2024-07-25T00:36:33.697+0000] {manager.py:878} INFO - 
================================================================================
DAG File Processing Stats

File Path                          PID    Runtime      # DAGs    # Errors  Last Runtime    Last Run
---------------------------------  -----  ---------  --------  ----------  --------------  -------------------
/opt/airflow/dags/kafka_stream.py                           1           0  0.17s           2024-07-25T00:36:03
================================================================================
[2024-07-25T00:37:03.999+0000] {manager.py:878} INFO - 
================================================================================
DAG File Processing Stats

File Path                            PID  Runtime      # DAGs    # Errors  Last Runtime    Last Run
---------------------------------  -----  ---------  --------  ----------  --------------  -------------------
/opt/airflow/dags/kafka_stream.py    491  0.00s             1           0  0.14s           2024-07-25T00:36:33
================================================================================
[2024-07-25T00:37:34.272+0000] {manager.py:878} INFO - 
================================================================================
DAG File Processing Stats

File Path                            PID  Runtime      # DAGs    # Errors  Last Runtime    Last Run
---------------------------------  -----  ---------  --------  ----------  --------------  -------------------
/opt/airflow/dags/kafka_stream.py    502  0.00s             1           0  0.19s           2024-07-25T00:37:04
================================================================================
[2024-07-25T00:38:04.468+0000] {manager.py:878} INFO - 
================================================================================
DAG File Processing Stats

File Path                            PID  Runtime      # DAGs    # Errors  Last Runtime    Last Run
---------------------------------  -----  ---------  --------  ----------  --------------  -------------------
/opt/airflow/dags/kafka_stream.py    516  0.01s             1           0  0.14s           2024-07-25T00:37:34
================================================================================
[2024-07-25T00:38:34.708+0000] {manager.py:878} INFO - 
================================================================================
DAG File Processing Stats

File Path                            PID  Runtime      # DAGs    # Errors  Last Runtime    Last Run
---------------------------------  -----  ---------  --------  ----------  --------------  -------------------
/opt/airflow/dags/kafka_stream.py    528  0.01s             1           0  0.16s           2024-07-25T00:38:04
================================================================================
[2024-07-25T00:39:04.922+0000] {manager.py:878} INFO - 
================================================================================
DAG File Processing Stats

File Path                            PID  Runtime      # DAGs    # Errors  Last Runtime    Last Run
---------------------------------  -----  ---------  --------  ----------  --------------  -------------------
/opt/airflow/dags/kafka_stream.py    539  0.00s             1           0  0.17s           2024-07-25T00:38:34
================================================================================
[2024-07-25T00:39:35.155+0000] {manager.py:878} INFO - 
================================================================================
DAG File Processing Stats

File Path                            PID  Runtime      # DAGs    # Errors  Last Runtime    Last Run
---------------------------------  -----  ---------  --------  ----------  --------------  -------------------
/opt/airflow/dags/kafka_stream.py    550  0.00s             1           0  0.17s           2024-07-25T00:39:05
================================================================================
[2024-07-25T00:39:58.333+0000] {manager.py:737} INFO - Searching for files in /opt/airflow/dags
[2024-07-25T00:39:58.335+0000] {manager.py:740} INFO - There are 1 files in /opt/airflow/dags
[2024-07-25T00:40:05.393+0000] {manager.py:878} INFO - 
================================================================================
DAG File Processing Stats

File Path                            PID  Runtime      # DAGs    # Errors  Last Runtime    Last Run
---------------------------------  -----  ---------  --------  ----------  --------------  -------------------
/opt/airflow/dags/kafka_stream.py    561  0.00s             1           0  0.13s           2024-07-25T00:39:35
================================================================================
[2024-07-25T00:40:35.569+0000] {manager.py:878} INFO - 
================================================================================
DAG File Processing Stats

File Path                            PID  Runtime      # DAGs    # Errors  Last Runtime    Last Run
---------------------------------  -----  ---------  --------  ----------  --------------  -------------------
/opt/airflow/dags/kafka_stream.py    572  0.00s             1           0  0.14s           2024-07-25T00:40:05
================================================================================
[2024-07-25T00:41:05.806+0000] {manager.py:878} INFO - 
================================================================================
DAG File Processing Stats

File Path                            PID  Runtime      # DAGs    # Errors  Last Runtime    Last Run
---------------------------------  -----  ---------  --------  ----------  --------------  -------------------
/opt/airflow/dags/kafka_stream.py    583  0.00s             1           0  0.14s           2024-07-25T00:40:35
================================================================================
[2024-07-25T00:41:35.990+0000] {manager.py:878} INFO - 
================================================================================
DAG File Processing Stats

File Path                            PID  Runtime      # DAGs    # Errors  Last Runtime    Last Run
---------------------------------  -----  ---------  --------  ----------  --------------  -------------------
/opt/airflow/dags/kafka_stream.py    594  0.01s             1           0  0.14s           2024-07-25T00:41:05
================================================================================
[2024-07-25T00:42:06.231+0000] {manager.py:878} INFO - 
================================================================================
DAG File Processing Stats

File Path                            PID  Runtime      # DAGs    # Errors  Last Runtime    Last Run
---------------------------------  -----  ---------  --------  ----------  --------------  -------------------
/opt/airflow/dags/kafka_stream.py    605  0.01s             1           0  0.15s           2024-07-25T00:41:36
================================================================================
[2024-07-25T00:42:36.417+0000] {manager.py:878} INFO - 
================================================================================
DAG File Processing Stats

File Path                          PID    Runtime      # DAGs    # Errors  Last Runtime    Last Run
---------------------------------  -----  ---------  --------  ----------  --------------  -------------------
/opt/airflow/dags/kafka_stream.py                           1           0  0.20s           2024-07-25T00:42:06
================================================================================
[2024-07-25T00:43:06.711+0000] {manager.py:878} INFO - 
================================================================================
DAG File Processing Stats

File Path                            PID  Runtime      # DAGs    # Errors  Last Runtime    Last Run
---------------------------------  -----  ---------  --------  ----------  --------------  -------------------
/opt/airflow/dags/kafka_stream.py    627  0.00s             1           0  0.14s           2024-07-25T00:42:36
================================================================================
[2024-07-25T00:43:36.983+0000] {manager.py:878} INFO - 
================================================================================
DAG File Processing Stats

File Path                            PID  Runtime      # DAGs    # Errors  Last Runtime    Last Run
---------------------------------  -----  ---------  --------  ----------  --------------  -------------------
/opt/airflow/dags/kafka_stream.py    638  0.01s             1           0  0.16s           2024-07-25T00:43:06
================================================================================
[2024-07-25T00:44:04.386+0000] {manager.py:452} INFO - Exiting gracefully upon receiving signal 15
